[2025-04-30 12:44:21][SYSTEM]: No arguments detected, using default.conf
[2025-04-30 12:44:21][SYSTEM]: File validation OK
[2025-04-30 12:44:21][SYSTEM]: Server configurations OK
[2025-04-30 12:44:21][SYSTEM]: Server loop started (testiservu1.com), listening on port 8080 (fd: 4)
[2025-04-30 12:44:21][SYSTEM]: Server loop started (testiservu2.com), listening on port 8080 (fd: 5)
[2025-04-30 12:44:21][SYSTEM]: Server loop started (testiservu3.com), listening on port 8080 (fd: 6)
[2025-04-30 12:44:23][INFO]: New client connected from 127.0.0.1 on port 8080 (fd: 7)
[2025-04-30 12:44:23][INFO]: Empty body.
[2025-04-30 12:44:23][INFO]: URI before check: /uploads/, Root: /home/eleppala/Documents/projects/6web/www
[2025-04-30 12:44:23][INFO]: Returning directory listing
[2025-04-30 12:44:23][INFO]: Client disconnected (fd: 7)
[2025-04-30 12:44:23][INFO]: New client connected from 127.0.0.1 on port 8080 (fd: 7)
[2025-04-30 12:44:23][INFO]: Empty body.
[2025-04-30 12:44:23][INFO]: Filepath: /home/eleppala/Documents/projects/6web/www/style.css exists (not a dir)
[2025-04-30 12:44:23][INFO]: URI before check: /style.css, Root: /home/eleppala/Documents/projects/6web/www
[2025-04-30 12:44:23][INFO]: Client disconnected (fd: 7)
[2025-04-30 12:44:23][INFO]: New client connected from 127.0.0.1 on port 8080 (fd: 7)
[2025-04-30 12:44:23][INFO]: Empty body.
[2025-04-30 12:44:23][INFO]: Filepath: /home/eleppala/Documents/projects/6web/www/index.html exists (not a dir)
[2025-04-30 12:44:23][INFO]: URI before check: /index.html, Root: /home/eleppala/Documents/projects/6web/www
[2025-04-30 12:44:23][INFO]: Client disconnected (fd: 7)
[2025-04-30 12:44:23][INFO]: New client connected from 127.0.0.1 on port 8080 (fd: 7)
[2025-04-30 12:44:23][INFO]: New client connected from 127.0.0.1 on port 8080 (fd: 8)
[2025-04-30 12:44:23][INFO]: Empty body.
[2025-04-30 12:44:23][INFO]: Filepath: /home/eleppala/Documents/projects/6web/www/style.css exists (not a dir)
[2025-04-30 12:44:23][INFO]: URI before check: /style.css, Root: /home/eleppala/Documents/projects/6web/www
[2025-04-30 12:44:23][INFO]: Client disconnected (fd: 7)
[2025-04-30 12:44:24][INFO]: Empty body.
[2025-04-30 12:44:24][INFO]: Filepath: /home/eleppala/Documents/projects/6web/www/upload.html exists (not a dir)
[2025-04-30 12:44:24][INFO]: URI before check: /upload.html, Root: /home/eleppala/Documents/projects/6web/www
[2025-04-30 12:44:24][INFO]: Client disconnected (fd: 8)
[2025-04-30 12:44:24][INFO]: New client connected from 127.0.0.1 on port 8080 (fd: 7)
[2025-04-30 12:44:24][INFO]: Empty body.
[2025-04-30 12:44:24][INFO]: Filepath: /home/eleppala/Documents/projects/6web/www/style.css exists (not a dir)
[2025-04-30 12:44:24][INFO]: URI before check: /style.css, Root: /home/eleppala/Documents/projects/6web/www
[2025-04-30 12:44:24][INFO]: Client disconnected (fd: 7)
[2025-04-30 12:44:38][SYSTEM]: Signal (2)  received, stopping server...
[2025-04-30 12:44:38][SYSTEM]: poll() interrupted.
[2025-04-30 12:44:38][SYSTEM]: Terminating server loop (testiservu1.com)
[2025-04-30 12:44:38][SYSTEM]: Terminating server loop (testiservu2.com)
[2025-04-30 12:44:38][SYSTEM]: Terminating server loop (testiservu3.com)
[2025-04-30 12:44:38][SYSTEM]: Resources cleaned.
[2025-04-30 12:44:38][SYSTEM]: Resources cleaned.
