[2025-04-25 12:36:08][SYSTEM]: No arguments detected, using default.conf
[2025-04-25 12:36:08][SYSTEM]: File validation OK
[2025-04-25 12:36:08][SYSTEM]: Server configurations OK
[2025-04-25 12:36:08][SYSTEM]: Server loop started and listening on port: 8080
[2025-04-25 12:36:08][SYSTEM]: Server loop started and listening on port: 8081
[2025-04-25 12:36:15][INFO]: New client connected from 127.0.0.1 on port 8080 (fd: 6)
[2025-04-25 12:36:15][INFO]: Empty body.
[2025-04-25 12:36:15][INFO]: Filepath: /home/eleppala/Documents/projects/1web/www/index.html exists (isn't a dir).
[2025-04-25 12:36:15][INFO]: URI before check: /index.html, Root: /home/eleppala/Documents/projects/1web/www
[2025-04-25 12:36:15][INFO]: New client connected from 127.0.0.1 on port 8080 (fd: 6)
[2025-04-25 12:36:15][INFO]: New client connected from 127.0.0.1 on port 8080 (fd: 7)
[2025-04-25 12:36:15][INFO]: Empty body.
[2025-04-25 12:36:15][INFO]: Filepath: /home/eleppala/Documents/projects/1web/www/style.css exists (isn't a dir).
[2025-04-25 12:36:15][INFO]: URI before check: /style.css, Root: /home/eleppala/Documents/projects/1web/www
[2025-04-25 12:36:15][INFO]: Client disconnected (fd: 6)
[2025-04-25 12:36:15][INFO]: Unable to read from socket: 6
[2025-04-25 12:36:18][INFO]: Empty body.
[2025-04-25 12:36:18][ERROR]: Stat failed on: /home/eleppala/Documents/projects/1web/www/index.htm
[2025-04-25 12:36:18][INFO]: URI before check: /index.htm, Root: /home/eleppala/Documents/projects/1web/www
[2025-04-25 12:36:18][ERROR]: mGET: stat() failed
[2025-04-25 12:36:19][INFO]: New client connected from 127.0.0.1 on port 8080 (fd: 6)
[2025-04-25 12:36:19][INFO]: Empty body.
[2025-04-25 12:36:19][ERROR]: Stat failed on: /home/eleppala/Documents/projects/1web/www/index.htm
[2025-04-25 12:36:19][INFO]: URI before check: /index.htm, Root: /home/eleppala/Documents/projects/1web/www
[2025-04-25 12:36:19][ERROR]: mGET: stat() failed
[2025-04-25 12:36:19][INFO]: New client connected from 127.0.0.1 on port 8080 (fd: 6)
[2025-04-25 12:36:19][INFO]: New client connected from 127.0.0.1 on port 8080 (fd: 7)
[2025-04-25 12:37:19][INFO]: Client fd 6 timed out after 60s. Closing.
[2025-04-25 12:37:19][INFO]: Client fd 7 timed out after 60s. Closing.
[2025-04-25 12:37:19][INFO]: Client disconnected (fd: 6)
[2025-04-25 12:37:19][INFO]: Client disconnected (fd: 7)
[2025-04-25 12:39:00][SYSTEM]: Signal (2)  received, stopping server...
[2025-04-25 12:39:00][SYSTEM]: poll() interrupted.
[2025-04-25 12:39:00][SYSTEM]: Server loop terminated.
[2025-04-25 12:39:00][SYSTEM]: Server loop terminated.
[2025-04-25 12:39:00][SYSTEM]: Server closed and resources cleaned.
[2025-04-25 12:39:00][SYSTEM]: Server closed and resources cleaned.
