[2025-04-25 13:41:24][SYSTEM]: No arguments detected, using default.conf
[2025-04-25 13:41:24][SYSTEM]: File validation OK
[2025-04-25 13:41:24][SYSTEM]: Server configurations OK
[2025-04-25 13:41:24][SYSTEM]: Server loop started and listening on port: 8080
[2025-04-25 13:41:35][INFO]: New client connected from 127.0.0.1 on port 8080 (fd: 5)
[2025-04-25 13:41:35][INFO]: Empty body.
[2025-04-25 13:41:35][INFO]: URI before check: /uploads, Root: /home/eleppala/Documents/projects/1web/www
[2025-04-25 13:41:40][INFO]: New client connected from 127.0.0.1 on port 8080 (fd: 5)
[2025-04-25 13:41:40][INFO]: Empty body.
[2025-04-25 13:41:40][INFO]: URI before check: /, Root: /home/eleppala/Documents/projects/1web/www
[2025-04-25 13:41:40][INFO]: Client disconnected (fd: 5)
[2025-04-25 13:41:40][INFO]: Unable to read from socket: 5
[2025-04-25 13:41:40][INFO]: New client connected from 127.0.0.1 on port 8080 (fd: 5)
[2025-04-25 13:41:40][INFO]: New client connected from 127.0.0.1 on port 8080 (fd: 6)
[2025-04-25 13:41:40][INFO]: Empty body.
[2025-04-25 13:41:40][INFO]: Filepath: /home/eleppala/Documents/projects/1web/www/style.css exists (isn't a dir).
[2025-04-25 13:41:40][INFO]: URI before check: /style.css, Root: /home/eleppala/Documents/projects/1web/www
[2025-04-25 13:41:41][INFO]: Empty body.
[2025-04-25 13:41:41][INFO]: URI before check: /uploads/, Root: /home/eleppala/Documents/projects/1web/www
[2025-04-25 13:41:41][INFO]: New client connected from 127.0.0.1 on port 8080 (fd: 5)
[2025-04-25 13:41:41][INFO]: Empty body.
[2025-04-25 13:41:41][INFO]: Filepath: /home/eleppala/Documents/projects/1web/www/style.css exists (isn't a dir).
[2025-04-25 13:41:41][INFO]: URI before check: /style.css, Root: /home/eleppala/Documents/projects/1web/www
[2025-04-25 13:41:41][INFO]: Client disconnected (fd: 5)
[2025-04-25 13:41:41][INFO]: Unable to read from socket: 5
[2025-04-25 13:41:42][INFO]: New client connected from 127.0.0.1 on port 8080 (fd: 5)
[2025-04-25 13:41:42][INFO]: Empty body.
[2025-04-25 13:41:42][INFO]: Filepath: /home/eleppala/Documents/projects/1web/www/index.html exists (isn't a dir).
[2025-04-25 13:41:42][INFO]: URI before check: /index.html, Root: /home/eleppala/Documents/projects/1web/www
[2025-04-25 13:41:42][INFO]: New client connected from 127.0.0.1 on port 8080 (fd: 5)
[2025-04-25 13:41:42][INFO]: New client connected from 127.0.0.1 on port 8080 (fd: 6)
[2025-04-25 13:41:42][INFO]: Empty body.
[2025-04-25 13:41:42][INFO]: Filepath: /home/eleppala/Documents/projects/1web/www/style.css exists (isn't a dir).
[2025-04-25 13:41:42][INFO]: URI before check: /style.css, Root: /home/eleppala/Documents/projects/1web/www
[2025-04-25 13:41:42][INFO]: Client disconnected (fd: 5)
[2025-04-25 13:41:42][INFO]: Unable to read from socket: 5
[2025-04-25 13:41:42][INFO]: Empty body.
[2025-04-25 13:41:42][INFO]: Filepath: /home/eleppala/Documents/projects/1web/www/upload.html exists (isn't a dir).
[2025-04-25 13:41:42][INFO]: URI before check: /upload.html, Root: /home/eleppala/Documents/projects/1web/www
[2025-04-25 13:41:42][INFO]: Client disconnected (fd: 6)
[2025-04-25 13:41:42][INFO]: Unable to read from socket: 6
[2025-04-25 13:41:42][INFO]: New client connected from 127.0.0.1 on port 8080 (fd: 5)
[2025-04-25 13:41:42][INFO]: Empty body.
[2025-04-25 13:41:42][INFO]: Filepath: /home/eleppala/Documents/projects/1web/www/style.css exists (isn't a dir).
[2025-04-25 13:41:42][INFO]: URI before check: /style.css, Root: /home/eleppala/Documents/projects/1web/www
[2025-04-25 13:42:42][INFO]: Client fd 5 timed out after 60s. Closing.
[2025-04-25 13:42:42][INFO]: Client disconnected (fd: 5)
[2025-04-25 13:43:43][SYSTEM]: Signal (2)  received, stopping server...
[2025-04-25 13:43:43][SYSTEM]: poll() interrupted.
[2025-04-25 13:43:43][SYSTEM]: Server loop terminated.
[2025-04-25 13:43:43][SYSTEM]: Server closed and resources cleaned.
[2025-04-25 13:43:43][SYSTEM]: Server closed and resources cleaned.
