[2025-04-27 16:48:34][SYSTEM]: No arguments detected, using default.conf
[2025-04-27 16:48:34][SYSTEM]: File validation OK
[2025-04-27 16:48:34][SYSTEM]: Server configurations OK
[2025-04-27 16:48:34][SYSTEM]: Server loop started (example1.com), listening on port 8080 (fd: 4)
[2025-04-27 16:48:34][SYSTEM]: Server loop started (example2.com), listening on port 8080 (fd: 5)
[2025-04-27 16:48:38][INFO]: New client connected from 127.0.0.1 on port 8080 (fd: 6)
[2025-04-27 16:48:39][INFO]: Empty body.
[2025-04-27 16:48:39][INFO]: URI before check: /, Root: /home/asalo/enduserrr/c++/webserv/www
[2025-04-27 16:48:39][INFO]: Client disconnected (fd: 6)
[2025-04-27 16:48:39][INFO]: New client connected from 127.0.0.1 on port 8080 (fd: 6)
[2025-04-27 16:48:39][INFO]: Empty body.
[2025-04-27 16:48:39][INFO]: Filepath: /home/asalo/enduserrr/c++/webserv/www/style.css exists (isn't a dir).
[2025-04-27 16:48:39][INFO]: URI before check: /style.css, Root: /home/asalo/enduserrr/c++/webserv/www
[2025-04-27 16:48:39][INFO]: Client disconnected (fd: 6)
[2025-04-27 16:48:39][INFO]: New client connected from 127.0.0.1 on port 8080 (fd: 6)
[2025-04-27 16:48:39][INFO]: Empty body.
[2025-04-27 16:48:39][INFO]: Filepath: /home/asalo/enduserrr/c++/webserv/www/favicon.ico exists (isn't a dir).
[2025-04-27 16:48:39][INFO]: URI before check: /favicon.ico, Root: /home/asalo/enduserrr/c++/webserv/www
[2025-04-27 16:48:39][INFO]: Client disconnected (fd: 6)
[2025-04-27 16:49:34][SYSTEM]: Signal (2)  received, stopping server...
[2025-04-27 16:49:34][SYSTEM]: poll() interrupted.
[2025-04-27 16:49:34][SYSTEM]: Terminating server loop (example1.com)
[2025-04-27 16:49:34][SYSTEM]: Terminating server loop (example2.com)
[2025-04-27 16:49:34][SYSTEM]: Resources cleaned.
[2025-04-27 16:49:34][SYSTEM]: Resources cleaned.
