[2025-04-27 17:20:28][SYSTEM]: No arguments detected, using default.conf
[2025-04-27 17:20:28][SYSTEM]: File validation OK
[2025-04-27 17:20:28][SYSTEM]: Server configurations OK
[2025-04-27 17:20:28][SYSTEM]: Server loop started (testiservu1.com), listening on port 8080 (fd: 4)
[2025-04-27 17:20:28][SYSTEM]: Server loop started (testiservu2.com), listening on port 8080 (fd: 5)
[2025-04-27 17:20:37][INFO]: New client connected from 127.0.0.1 on port 8080 (fd: 6)
[2025-04-27 17:20:37][INFO]: Empty body.
[2025-04-27 17:20:37][INFO]: Filepath: /home/asalo/enduserrr/c++/webserv/www/empty.html exists (isn't a dir).
[2025-04-27 17:20:37][INFO]: URI before check: /empty.html, Root: /home/asalo/enduserrr/c++/webserv/www
[2025-04-27 17:20:37][INFO]: Client disconnected (fd: 6)
[2025-04-27 17:21:17][INFO]: New client connected from 127.0.0.1 on port 8080 (fd: 6)
[2025-04-27 17:21:17][INFO]: Empty body.
[2025-04-27 17:21:17][INFO]: Filepath: /home/asalo/enduserrr/c++/webserv/www/empty.html exists (isn't a dir).
[2025-04-27 17:21:17][INFO]: URI before check: /empty.html, Root: /home/asalo/enduserrr/c++/webserv/www
[2025-04-27 17:21:17][INFO]: Client disconnected (fd: 6)
[2025-04-27 17:25:29][SYSTEM]: Signal (2)  received, stopping server...
[2025-04-27 17:25:29][SYSTEM]: poll() interrupted.
[2025-04-27 17:25:29][SYSTEM]: Terminating server loop (testiservu1.com)
[2025-04-27 17:25:29][SYSTEM]: Terminating server loop (testiservu2.com)
[2025-04-27 17:25:29][SYSTEM]: Resources cleaned.
[2025-04-27 17:25:29][SYSTEM]: Resources cleaned.
