[2025-04-28 16:30:51][SYSTEM]: No arguments detected, using default.conf
[2025-04-28 16:30:51][SYSTEM]: File validation OK
[2025-04-28 16:30:51][SYSTEM]: Server configurations OK
[2025-04-28 16:30:51][SYSTEM]: Server loop started (testiservu1.com), listening on port 8080 (fd: 4)
[2025-04-28 16:30:51][SYSTEM]: Server loop started (testiservu2.com), listening on port 8080 (fd: 5)
[2025-04-28 16:30:52][INFO]: New client connected from 127.0.0.1 on port 8080 (fd: 6)
[2025-04-28 16:30:53][ERROR]:  Method Not Allowed
[2025-04-28 16:30:53][INFO]: Client disconnected (fd: 6)
[2025-04-28 16:33:53][INFO]: New client connected from 127.0.0.1 on port 8080 (fd: 6)
[2025-04-28 16:33:56][INFO]: Empty body.
[2025-04-28 16:33:56][INFO]: Filepath: /home/asalo/enduserrr/c++/webserv/www/index.html exists (isn't a dir).
[2025-04-28 16:33:56][INFO]: URI before check: /index.html, Root: /home/asalo/enduserrr/c++/webserv/www
[2025-04-28 16:33:56][INFO]: Client disconnected (fd: 6)
[2025-04-28 16:33:56][INFO]: New client connected from 127.0.0.1 on port 8080 (fd: 6)
[2025-04-28 16:33:56][INFO]: Empty body.
[2025-04-28 16:33:56][INFO]: Filepath: /home/asalo/enduserrr/c++/webserv/www/style.css exists (isn't a dir).
[2025-04-28 16:33:56][INFO]: URI before check: /style.css, Root: /home/asalo/enduserrr/c++/webserv/www
[2025-04-28 16:33:56][INFO]: Client disconnected (fd: 6)
[2025-04-28 16:35:07][SYSTEM]: Signal (2)  received, stopping server...
[2025-04-28 16:35:07][SYSTEM]: poll() interrupted.
[2025-04-28 16:35:07][SYSTEM]: Terminating server loop (testiservu1.com)
[2025-04-28 16:35:07][SYSTEM]: Terminating server loop (testiservu2.com)
[2025-04-28 16:35:07][SYSTEM]: Resources cleaned.
[2025-04-28 16:35:07][SYSTEM]: Resources cleaned.
