[2025-04-28 16:04:58][SYSTEM]: No arguments detected, using default.conf
[2025-04-28 16:04:58][SYSTEM]: File validation OK
[2025-04-28 16:04:58][SYSTEM]: Server configurations OK
[2025-04-28 16:04:58][SYSTEM]: Server loop started (testiservu1.com), listening on port 8080 (fd: 4)
[2025-04-28 16:04:58][SYSTEM]: Server loop started (testiservu2.com), listening on port 8080 (fd: 5)
[2025-04-28 16:05:11][INFO]: New client connected from 127.0.0.1 on port 8080 (fd: 6)
[2025-04-28 16:05:11][INFO]: Empty body.
[2025-04-28 16:05:11][INFO]: URI before check: /uploads/, Root: /home/eleppala/Documents/projects/4web/www
[2025-04-28 16:05:11][INFO]: Returning directory listing
[2025-04-28 16:05:11][INFO]: Client disconnected (fd: 6)
[2025-04-28 16:05:11][INFO]: New client connected from 127.0.0.1 on port 8080 (fd: 6)
[2025-04-28 16:05:11][INFO]: Empty body.
[2025-04-28 16:05:11][INFO]: Filepath: /home/eleppala/Documents/projects/4web/www/style.css exists (isn't a dir).
[2025-04-28 16:05:11][INFO]: URI before check: /style.css, Root: /home/eleppala/Documents/projects/4web/www
[2025-04-28 16:05:11][INFO]: Client disconnected (fd: 6)
[2025-04-28 16:05:11][INFO]: New client connected from 127.0.0.1 on port 8080 (fd: 6)
[2025-04-28 16:05:11][INFO]: Empty body.
[2025-04-28 16:05:11][INFO]: URI before check: /uploads/, Root: /home/eleppala/Documents/projects/4web/www
[2025-04-28 16:05:11][INFO]: Returning directory listing
[2025-04-28 16:05:11][INFO]: Client disconnected (fd: 6)
[2025-04-28 16:05:13][INFO]: New client connected from 127.0.0.1 on port 8080 (fd: 6)
[2025-04-28 16:05:13][INFO]: Empty body.
[2025-04-28 16:05:13][INFO]: Filepath: /home/eleppala/Documents/projects/4web/www/upload.html exists (isn't a dir).
[2025-04-28 16:05:13][INFO]: URI before check: /upload.html, Root: /home/eleppala/Documents/projects/4web/www
[2025-04-28 16:05:13][INFO]: Client disconnected (fd: 6)
[2025-04-28 16:05:13][INFO]: New client connected from 127.0.0.1 on port 8080 (fd: 6)
[2025-04-28 16:05:13][INFO]: Empty body.
[2025-04-28 16:05:13][INFO]: Filepath: /home/eleppala/Documents/projects/4web/www/style.css exists (isn't a dir).
[2025-04-28 16:05:13][INFO]: URI before check: /style.css, Root: /home/eleppala/Documents/projects/4web/www
[2025-04-28 16:05:13][INFO]: Client disconnected (fd: 6)
[2025-04-28 16:05:13][INFO]: New client connected from 127.0.0.1 on port 8080 (fd: 6)
[2025-04-28 16:05:13][INFO]: Empty body.
[2025-04-28 16:05:13][INFO]: Filepath: /home/eleppala/Documents/projects/4web/www/favicon.ico exists (isn't a dir).
[2025-04-28 16:05:13][INFO]: URI before check: /favicon.ico, Root: /home/eleppala/Documents/projects/4web/www
[2025-04-28 16:05:13][INFO]: Client disconnected (fd: 6)
[2025-04-28 16:05:17][INFO]: New client connected from 127.0.0.1 on port 8080 (fd: 6)
[2025-04-28 16:05:17][INFO]: New client connected from 127.0.0.1 on port 8080 (fd: 7)
[2025-04-28 16:05:17][INFO]: Client disconnected (fd: 6)
[2025-04-28 16:05:17][INFO]: Empty body.
[2025-04-28 16:05:17][INFO]: Filepath: /home/eleppala/Documents/projects/4web/www/style.css exists (isn't a dir).
[2025-04-28 16:05:17][INFO]: URI before check: /style.css, Root: /home/eleppala/Documents/projects/4web/www
[2025-04-28 16:05:17][INFO]: Client disconnected (fd: 7)
[2025-04-28 16:05:18][INFO]: New client connected from 127.0.0.1 on port 8080 (fd: 6)
[2025-04-28 16:05:18][INFO]: Empty body.
[2025-04-28 16:05:18][INFO]: URI before check: /uploads/, Root: /home/eleppala/Documents/projects/4web/www
[2025-04-28 16:05:18][INFO]: Returning directory listing
[2025-04-28 16:05:18][INFO]: Client disconnected (fd: 6)
[2025-04-28 16:05:18][INFO]: New client connected from 127.0.0.1 on port 8080 (fd: 6)
[2025-04-28 16:05:18][INFO]: Empty body.
[2025-04-28 16:05:18][INFO]: Filepath: /home/eleppala/Documents/projects/4web/www/style.css exists (isn't a dir).
[2025-04-28 16:05:18][INFO]: URI before check: /style.css, Root: /home/eleppala/Documents/projects/4web/www
[2025-04-28 16:05:18][INFO]: Client disconnected (fd: 6)
[2025-04-28 16:05:33][SYSTEM]: Signal (2)  received, stopping server...
[2025-04-28 16:05:33][SYSTEM]: poll() interrupted.
[2025-04-28 16:05:33][SYSTEM]: Terminating server loop (testiservu1.com)
[2025-04-28 16:05:33][SYSTEM]: Terminating server loop (testiservu2.com)
[2025-04-28 16:05:33][SYSTEM]: Resources cleaned.
[2025-04-28 16:05:33][SYSTEM]: Resources cleaned.
