[2025-04-28 15:38:39][SYSTEM]: No arguments detected, using default.conf
[2025-04-28 15:38:39][SYSTEM]: File validation OK
[2025-04-28 15:38:39][SYSTEM]: Server configurations OK
[2025-04-28 15:38:39][SYSTEM]: Server loop started (testiservu1.com), listening on port 8080 (fd: 4)
[2025-04-28 15:38:39][SYSTEM]: Server loop started (testiservu2.com), listening on port 8080 (fd: 5)
[2025-04-28 15:38:41][INFO]: New client connected from 127.0.0.1 on port 8080 (fd: 6)
[2025-04-28 15:38:42][INFO]: Empty body.
[2025-04-28 15:38:42][INFO]: Filepath: /home/eleppala/Documents/projects/4web/www/index.html exists (isn't a dir).
[2025-04-28 15:38:42][INFO]: URI before check: /index.html, Root: /home/eleppala/Documents/projects/4web/www
[2025-04-28 15:38:42][INFO]: Client disconnected (fd: 6)
[2025-04-28 15:38:42][INFO]: New client connected from 127.0.0.1 on port 8080 (fd: 6)
[2025-04-28 15:38:42][INFO]: New client connected from 127.0.0.1 on port 8080 (fd: 7)
[2025-04-28 15:38:42][INFO]: Empty body.
[2025-04-28 15:38:42][INFO]: Filepath: /home/eleppala/Documents/projects/4web/www/style.css exists (isn't a dir).
[2025-04-28 15:38:42][INFO]: URI before check: /style.css, Root: /home/eleppala/Documents/projects/4web/www
[2025-04-28 15:38:42][INFO]: Client disconnected (fd: 6)
[2025-04-28 15:38:46][INFO]: Empty body.
[2025-04-28 15:38:46][INFO]: Filepath: /home/eleppala/Documents/projects/4web/www/upload.html exists (isn't a dir).
[2025-04-28 15:38:46][INFO]: URI before check: /upload.html, Root: /home/eleppala/Documents/projects/4web/www
[2025-04-28 15:38:46][INFO]: Client disconnected (fd: 7)
[2025-04-28 15:38:46][INFO]: New client connected from 127.0.0.1 on port 8080 (fd: 6)
[2025-04-28 15:38:46][INFO]: Empty body.
[2025-04-28 15:38:46][INFO]: Filepath: /home/eleppala/Documents/projects/4web/www/style.css exists (isn't a dir).
[2025-04-28 15:38:46][INFO]: URI before check: /style.css, Root: /home/eleppala/Documents/projects/4web/www
[2025-04-28 15:38:46][INFO]: Client disconnected (fd: 6)
[2025-04-28 15:38:47][INFO]: New client connected from 127.0.0.1 on port 8080 (fd: 6)
[2025-04-28 15:38:47][INFO]: Client disconnected (fd: 6)
[2025-04-28 15:38:47][INFO]: New client connected from 127.0.0.1 on port 8080 (fd: 6)
[2025-04-28 15:38:47][INFO]: Empty body.
[2025-04-28 15:38:47][INFO]: Filepath: /home/eleppala/Documents/projects/4web/www/style.css exists (isn't a dir).
[2025-04-28 15:38:47][INFO]: URI before check: /style.css, Root: /home/eleppala/Documents/projects/4web/www
[2025-04-28 15:38:47][INFO]: Client disconnected (fd: 6)
[2025-04-28 15:38:58][INFO]: New client connected from 127.0.0.1 on port 8080 (fd: 6)
[2025-04-28 15:38:58][INFO]: Empty body.
[2025-04-28 15:38:58][INFO]: Filepath: /home/eleppala/Documents/projects/4web/www/index.html exists (isn't a dir).
[2025-04-28 15:38:58][INFO]: URI before check: /index.html, Root: /home/eleppala/Documents/projects/4web/www
[2025-04-28 15:38:58][INFO]: Client disconnected (fd: 6)
[2025-04-28 15:38:58][INFO]: New client connected from 127.0.0.1 on port 8080 (fd: 6)
[2025-04-28 15:38:58][INFO]: Empty body.
[2025-04-28 15:38:58][INFO]: Filepath: /home/eleppala/Documents/projects/4web/www/style.css exists (isn't a dir).
[2025-04-28 15:38:58][INFO]: URI before check: /style.css, Root: /home/eleppala/Documents/projects/4web/www
[2025-04-28 15:38:58][INFO]: Client disconnected (fd: 6)
[2025-04-28 15:38:59][INFO]: New client connected from 127.0.0.1 on port 8080 (fd: 6)
[2025-04-28 15:38:59][INFO]: Empty body.
[2025-04-28 15:38:59][INFO]: Filepath: /home/eleppala/Documents/projects/4web/www/guestbook.html exists (isn't a dir).
[2025-04-28 15:38:59][INFO]: URI before check: /guestbook.html, Root: /home/eleppala/Documents/projects/4web/www
[2025-04-28 15:38:59][INFO]: Client disconnected (fd: 6)
[2025-04-28 15:38:59][INFO]: New client connected from 127.0.0.1 on port 8080 (fd: 6)
[2025-04-28 15:39:00][INFO]: Empty body.
[2025-04-28 15:39:00][INFO]: Filepath: /home/eleppala/Documents/projects/4web/www/style.css exists (isn't a dir).
[2025-04-28 15:39:00][INFO]: URI before check: /style.css, Root: /home/eleppala/Documents/projects/4web/www
[2025-04-28 15:39:00][INFO]: Client disconnected (fd: 6)
[2025-04-28 15:39:02][INFO]: New client connected from 127.0.0.1 on port 8080 (fd: 6)
[2025-04-28 15:39:04][INFO]: Client disconnected (fd: 6)
[2025-04-28 15:39:04][INFO]: New client connected from 127.0.0.1 on port 8080 (fd: 6)
[2025-04-28 15:39:04][INFO]: Empty body.
[2025-04-28 15:39:04][INFO]: Filepath: /home/eleppala/Documents/projects/4web/www/style.css exists (isn't a dir).
[2025-04-28 15:39:04][INFO]: URI before check: /style.css, Root: /home/eleppala/Documents/projects/4web/www
[2025-04-28 15:39:04][INFO]: Client disconnected (fd: 6)
[2025-04-28 15:39:35][INFO]: New client connected from 127.0.0.1 on port 8080 (fd: 6)
[2025-04-28 15:39:35][INFO]: Empty body.
[2025-04-28 15:39:35][INFO]: Filepath: /home/eleppala/Documents/projects/4web/www/index.html exists (isn't a dir).
[2025-04-28 15:39:35][INFO]: URI before check: /index.html, Root: /home/eleppala/Documents/projects/4web/www
[2025-04-28 15:39:35][INFO]: Client disconnected (fd: 6)
[2025-04-28 15:39:35][INFO]: New client connected from 127.0.0.1 on port 8080 (fd: 6)
[2025-04-28 15:39:35][INFO]: New client connected from 127.0.0.1 on port 8080 (fd: 7)
[2025-04-28 15:39:35][INFO]: Empty body.
[2025-04-28 15:39:35][INFO]: Filepath: /home/eleppala/Documents/projects/4web/www/style.css exists (isn't a dir).
[2025-04-28 15:39:35][INFO]: URI before check: /style.css, Root: /home/eleppala/Documents/projects/4web/www
[2025-04-28 15:39:35][INFO]: Client disconnected (fd: 6)
[2025-04-28 15:39:36][INFO]: Empty body.
[2025-04-28 15:39:36][INFO]: Filepath: /home/eleppala/Documents/projects/4web/www/upload.html exists (isn't a dir).
[2025-04-28 15:39:36][INFO]: URI before check: /upload.html, Root: /home/eleppala/Documents/projects/4web/www
[2025-04-28 15:39:36][INFO]: Client disconnected (fd: 7)
[2025-04-28 15:39:36][INFO]: New client connected from 127.0.0.1 on port 8080 (fd: 6)
[2025-04-28 15:39:36][INFO]: Empty body.
[2025-04-28 15:39:36][INFO]: Filepath: /home/eleppala/Documents/projects/4web/www/style.css exists (isn't a dir).
[2025-04-28 15:39:36][INFO]: URI before check: /style.css, Root: /home/eleppala/Documents/projects/4web/www
[2025-04-28 15:39:36][INFO]: Client disconnected (fd: 6)
[2025-04-28 15:39:42][INFO]: New client connected from 127.0.0.1 on port 8080 (fd: 6)
[2025-04-28 15:39:42][INFO]: New client connected from 127.0.0.1 on port 8080 (fd: 7)
[2025-04-28 15:39:42][INFO]: Client disconnected (fd: 6)
[2025-04-28 15:39:42][INFO]: Empty body.
[2025-04-28 15:39:42][INFO]: Filepath: /home/eleppala/Documents/projects/4web/www/style.css exists (isn't a dir).
[2025-04-28 15:39:42][INFO]: URI before check: /style.css, Root: /home/eleppala/Documents/projects/4web/www
[2025-04-28 15:39:42][INFO]: Client disconnected (fd: 7)
[2025-04-28 15:42:05][SYSTEM]: Signal (2)  received, stopping server...
[2025-04-28 15:42:05][SYSTEM]: poll() interrupted.
[2025-04-28 15:42:05][SYSTEM]: Terminating server loop (testiservu1.com)
[2025-04-28 15:42:05][SYSTEM]: Terminating server loop (testiservu2.com)
[2025-04-28 15:42:05][SYSTEM]: Resources cleaned.
[2025-04-28 15:42:05][SYSTEM]: Resources cleaned.
