[2025-04-28 16:22:13][SYSTEM]: No arguments detected, using default.conf
[2025-04-28 16:22:13][SYSTEM]: File validation OK
[2025-04-28 16:22:13][SYSTEM]: Server configurations OK
[2025-04-28 16:22:13][SYSTEM]: Server loop started (testiservu1.com), listening on port 8080 (fd: 4)
[2025-04-28 16:22:13][SYSTEM]: Server loop started (testiservu2.com), listening on port 8080 (fd: 5)
[2025-04-28 16:22:14][INFO]: New client connected from 127.0.0.1 on port 8080 (fd: 6)
[2025-04-28 16:22:15][ERROR]:  Method Not Allowed
[2025-04-28 16:22:15][INFO]: Client disconnected (fd: 6)
[2025-04-28 16:24:14][INFO]: New client connected from 127.0.0.1 on port 8080 (fd: 6)
[2025-04-28 16:24:15][ERROR]:  Method Not Allowed
[2025-04-28 16:24:15][INFO]: Client disconnected (fd: 6)
[2025-04-28 16:24:28][INFO]: New client connected from 127.0.0.1 on port 8080 (fd: 6)
[2025-04-28 16:24:33][INFO]: Client disconnected (fd: 6)
[2025-04-28 16:25:35][INFO]: New client connected from 127.0.0.1 on port 8080 (fd: 6)
[2025-04-28 16:25:36][INFO]: Empty body.
[2025-04-28 16:25:36][INFO]: Filepath: /home/asalo/enduserrr/c++/webserv/www/index.html exists (isn't a dir).
[2025-04-28 16:25:36][INFO]: URI before check: /index.html, Root: /home/asalo/enduserrr/c++/webserv/www
[2025-04-28 16:25:36][INFO]: Client disconnected (fd: 6)
[2025-04-28 16:25:36][INFO]: New client connected from 127.0.0.1 on port 8080 (fd: 6)
[2025-04-28 16:25:36][INFO]: Empty body.
[2025-04-28 16:25:36][INFO]: Filepath: /home/asalo/enduserrr/c++/webserv/www/style.css exists (isn't a dir).
[2025-04-28 16:25:36][INFO]: URI before check: /style.css, Root: /home/asalo/enduserrr/c++/webserv/www
[2025-04-28 16:25:36][INFO]: Client disconnected (fd: 6)
[2025-04-28 16:25:37][INFO]: New client connected from 127.0.0.1 on port 8080 (fd: 6)
[2025-04-28 16:25:38][INFO]: Empty body.
[2025-04-28 16:25:38][INFO]: URI before check: /uploads/, Root: /home/asalo/enduserrr/c++/webserv/www
[2025-04-28 16:25:38][INFO]: Returning directory listing
[2025-04-28 16:25:38][INFO]: Client disconnected (fd: 6)
[2025-04-28 16:25:38][INFO]: New client connected from 127.0.0.1 on port 8080 (fd: 6)
[2025-04-28 16:25:38][INFO]: Empty body.
[2025-04-28 16:25:38][INFO]: Filepath: /home/asalo/enduserrr/c++/webserv/www/style.css exists (isn't a dir).
[2025-04-28 16:25:38][INFO]: URI before check: /style.css, Root: /home/asalo/enduserrr/c++/webserv/www
[2025-04-28 16:25:38][INFO]: Client disconnected (fd: 6)
[2025-04-28 16:25:38][INFO]: New client connected from 127.0.0.1 on port 8080 (fd: 6)
[2025-04-28 16:25:39][INFO]: Empty body.
[2025-04-28 16:25:39][INFO]: Filepath: /home/asalo/enduserrr/c++/webserv/www/index.html exists (isn't a dir).
[2025-04-28 16:25:39][INFO]: URI before check: /index.html, Root: /home/asalo/enduserrr/c++/webserv/www
[2025-04-28 16:25:39][INFO]: Client disconnected (fd: 6)
[2025-04-28 16:25:39][INFO]: New client connected from 127.0.0.1 on port 8080 (fd: 6)
[2025-04-28 16:25:39][INFO]: Empty body.
[2025-04-28 16:25:39][INFO]: Filepath: /home/asalo/enduserrr/c++/webserv/www/style.css exists (isn't a dir).
[2025-04-28 16:25:39][INFO]: URI before check: /style.css, Root: /home/asalo/enduserrr/c++/webserv/www
[2025-04-28 16:25:39][INFO]: Client disconnected (fd: 6)
[2025-04-28 16:28:56][SYSTEM]: Signal (2)  received, stopping server...
[2025-04-28 16:28:56][SYSTEM]: poll() interrupted.
[2025-04-28 16:28:56][SYSTEM]: Terminating server loop (testiservu1.com)
[2025-04-28 16:28:56][SYSTEM]: Terminating server loop (testiservu2.com)
[2025-04-28 16:28:56][SYSTEM]: Resources cleaned.
[2025-04-28 16:28:56][SYSTEM]: Resources cleaned.
