[2025-04-28 15:13:59][SYSTEM]: No arguments detected, using default.conf
[2025-04-28 15:13:59][SYSTEM]: File validation OK
[2025-04-28 15:13:59][SYSTEM]: Server configurations OK
[2025-04-28 15:13:59][SYSTEM]: Server loop started (testiservu1.com), listening on port 8080 (fd: 4)
[2025-04-28 15:13:59][SYSTEM]: Server loop started (testiservu2.com), listening on port 8080 (fd: 5)
[2025-04-28 15:14:14][INFO]: New client connected from 127.0.0.1 on port 8080 (fd: 6)
[2025-04-28 15:14:14][ERROR]: Payload Too large
[2025-04-28 15:14:14][INFO]: Client disconnected (fd: 6)
[2025-04-28 15:14:20][INFO]: New client connected from 127.0.0.1 on port 8080 (fd: 6)
[2025-04-28 15:14:20][ERROR]: Payload Too large
[2025-04-28 15:14:20][INFO]: Client disconnected (fd: 6)
[2025-04-28 15:15:16][INFO]: New client connected from 127.0.0.1 on port 8080 (fd: 6)
[2025-04-28 15:15:16][ERROR]: Payload Too large
[2025-04-28 15:15:16][INFO]: Client disconnected (fd: 6)
[2025-04-28 15:15:23][INFO]: New client connected from 127.0.0.1 on port 8080 (fd: 6)
[2025-04-28 15:15:23][ERROR]: Payload Too large
[2025-04-28 15:15:23][INFO]: Client disconnected (fd: 6)
[2025-04-28 15:15:32][SYSTEM]: Signal (2)  received, stopping server...
[2025-04-28 15:15:32][SYSTEM]: poll() interrupted.
[2025-04-28 15:15:32][SYSTEM]: Terminating server loop (testiservu1.com)
[2025-04-28 15:15:32][SYSTEM]: Terminating server loop (testiservu2.com)
[2025-04-28 15:15:32][SYSTEM]: Resources cleaned.
[2025-04-28 15:15:32][SYSTEM]: Resources cleaned.
