[2025-04-28 17:00:04][SYSTEM]: No arguments detected, using default.conf
[2025-04-28 17:00:04][SYSTEM]: File validation OK
[2025-04-28 17:00:04][SYSTEM]: Server configurations OK
[2025-04-28 17:00:04][SYSTEM]: Server loop started (testiservu1.com), listening on port 8080 (fd: 4)
[2025-04-28 17:00:04][SYSTEM]: Server loop started (testiservu2.com), listening on port 8080 (fd: 5)
[2025-04-28 17:00:06][INFO]: New client connected from 127.0.0.1 on port 8080 (fd: 6)
[2025-04-28 17:00:06][INFO]: Empty body.
[2025-04-28 17:00:06][INFO]: File to be deleted: www/uploads/upload_1745835565
[2025-04-28 17:00:06][INFO]: Client disconnected (fd: 6)
[2025-04-28 17:00:06][INFO]: New client connected from 127.0.0.1 on port 8080 (fd: 6)
[2025-04-28 17:00:06][INFO]: Empty body.
[2025-04-28 17:00:06][INFO]: URI before check: /uploads/, Root: /home/asalo/enduserrr/c++/webserv/www
[2025-04-28 17:00:06][INFO]: Returning directory listing
[2025-04-28 17:00:06][INFO]: Client disconnected (fd: 6)
[2025-04-28 17:00:06][INFO]: New client connected from 127.0.0.1 on port 8080 (fd: 6)
[2025-04-28 17:00:06][INFO]: Empty body.
[2025-04-28 17:00:06][INFO]: Filepath: /home/asalo/enduserrr/c++/webserv/www/style.css exists (isn't a dir).
[2025-04-28 17:00:06][INFO]: URI before check: /style.css, Root: /home/asalo/enduserrr/c++/webserv/www
[2025-04-28 17:00:06][INFO]: Client disconnected (fd: 6)
[2025-04-28 17:00:22][SYSTEM]: Signal (2)  received, stopping server...
[2025-04-28 17:00:22][SYSTEM]: poll() interrupted.
[2025-04-28 17:00:22][SYSTEM]: Terminating server loop (testiservu1.com)
[2025-04-28 17:00:22][SYSTEM]: Terminating server loop (testiservu2.com)
[2025-04-28 17:00:22][SYSTEM]: Resources cleaned.
[2025-04-28 17:00:22][SYSTEM]: Resources cleaned.
