[2025-04-28 15:07:49][SYSTEM]: No arguments detected, using default.conf
[2025-04-28 15:07:49][SYSTEM]: File validation OK
[2025-04-28 15:07:49][SYSTEM]: Server configurations OK
[2025-04-28 15:07:49][SYSTEM]: Server loop started (testiservu1.com), listening on port 8080 (fd: 4)
[2025-04-28 15:07:49][SYSTEM]: Server loop started (testiservu2.com), listening on port 8080 (fd: 5)
[2025-04-28 15:07:52][INFO]: New client connected from 127.0.0.1 on port 8080 (fd: 6)
[2025-04-28 15:07:52][INFO]: Empty body.
[2025-04-28 15:07:52][INFO]: URI before check: /, Root: /home/eleppala/Documents/projects/4web/www
[2025-04-28 15:07:52][INFO]: Client disconnected (fd: 6)
[2025-04-28 15:08:00][INFO]: New client connected from 127.0.0.1 on port 8080 (fd: 6)
[2025-04-28 15:08:00][ERROR]: Payload Too large
[2025-04-28 15:08:00][INFO]: Client disconnected (fd: 6)
[2025-04-28 15:08:10][INFO]: New client connected from 127.0.0.1 on port 8080 (fd: 6)
[2025-04-28 15:08:10][ERROR]: Payload Too large
[2025-04-28 15:08:10][INFO]: Client disconnected (fd: 6)
[2025-04-28 15:13:46][SYSTEM]: Signal (2)  received, stopping server...
[2025-04-28 15:13:46][SYSTEM]: poll() interrupted.
[2025-04-28 15:13:46][SYSTEM]: Terminating server loop (testiservu1.com)
[2025-04-28 15:13:46][SYSTEM]: Terminating server loop (testiservu2.com)
[2025-04-28 15:13:46][SYSTEM]: Resources cleaned.
[2025-04-28 15:13:46][SYSTEM]: Resources cleaned.
