[2025-04-28 16:29:13][SYSTEM]: No arguments detected, using default.conf
[2025-04-28 16:29:13][SYSTEM]: File validation OK
[2025-04-28 16:29:13][SYSTEM]: Server configurations OK
[2025-04-28 16:29:13][SYSTEM]: Server loop started (testiservu1.com), listening on port 8080 (fd: 4)
[2025-04-28 16:29:13][SYSTEM]: Server loop started (testiservu2.com), listening on port 8080 (fd: 5)
[2025-04-28 16:29:15][INFO]: New client connected from 127.0.0.1 on port 8080 (fd: 6)
[2025-04-28 16:29:16][INFO]: Empty body.
[2025-04-28 16:29:16][INFO]: URI before check: /uploads/, Root: /home/asalo/enduserrr/c++/webserv/www
[2025-04-28 16:29:16][INFO]: Returning directory listing
[2025-04-28 16:29:16][INFO]: Client disconnected (fd: 6)
[2025-04-28 16:29:16][INFO]: New client connected from 127.0.0.1 on port 8080 (fd: 6)
[2025-04-28 16:29:16][INFO]: Empty body.
[2025-04-28 16:29:16][INFO]: Filepath: /home/asalo/enduserrr/c++/webserv/www/style.css exists (isn't a dir).
[2025-04-28 16:29:16][INFO]: URI before check: /style.css, Root: /home/asalo/enduserrr/c++/webserv/www
[2025-04-28 16:29:16][INFO]: Client disconnected (fd: 6)
[2025-04-28 16:29:17][INFO]: New client connected from 127.0.0.1 on port 8080 (fd: 6)
[2025-04-28 16:29:17][ERROR]:  Method Not Allowed
[2025-04-28 16:29:17][INFO]: Client disconnected (fd: 6)
[2025-04-28 16:30:48][SYSTEM]: Signal (2)  received, stopping server...
[2025-04-28 16:30:48][SYSTEM]: poll() interrupted.
[2025-04-28 16:30:48][SYSTEM]: Terminating server loop (testiservu1.com)
[2025-04-28 16:30:48][SYSTEM]: Terminating server loop (testiservu2.com)
[2025-04-28 16:30:48][SYSTEM]: Resources cleaned.
[2025-04-28 16:30:48][SYSTEM]: Resources cleaned.
