[2025-04-28 16:05:34][SYSTEM]: No arguments detected, using default.conf
[2025-04-28 16:05:34][SYSTEM]: File validation OK
[2025-04-28 16:05:34][SYSTEM]: Server configurations OK
[2025-04-28 16:05:34][SYSTEM]: Server loop started (testiservu1.com), listening on port 8080 (fd: 4)
[2025-04-28 16:05:34][SYSTEM]: Server loop started (testiservu2.com), listening on port 8080 (fd: 5)
[2025-04-28 16:05:36][INFO]: New client connected from 127.0.0.1 on port 8080 (fd: 6)
[2025-04-28 16:05:36][INFO]: Empty body.
[2025-04-28 16:05:36][INFO]: Filepath: /home/eleppala/Documents/projects/4web/www/upload.html exists (isn't a dir).
[2025-04-28 16:05:36][INFO]: URI before check: /upload.html, Root: /home/eleppala/Documents/projects/4web/www
[2025-04-28 16:05:36][INFO]: Client disconnected (fd: 6)
[2025-04-28 16:05:36][INFO]: New client connected from 127.0.0.1 on port 8080 (fd: 6)
[2025-04-28 16:05:36][INFO]: Empty body.
[2025-04-28 16:05:36][INFO]: Filepath: /home/eleppala/Documents/projects/4web/www/style.css exists (isn't a dir).
[2025-04-28 16:05:36][INFO]: URI before check: /style.css, Root: /home/eleppala/Documents/projects/4web/www
[2025-04-28 16:05:36][INFO]: Client disconnected (fd: 6)
[2025-04-28 16:05:40][INFO]: New client connected from 127.0.0.1 on port 8080 (fd: 6)
[2025-04-28 16:05:40][INFO]: New client connected from 127.0.0.1 on port 8080 (fd: 7)
[2025-04-28 16:05:40][INFO]: Client disconnected (fd: 6)
[2025-04-28 16:05:40][INFO]: Empty body.
[2025-04-28 16:05:40][INFO]: Filepath: /home/eleppala/Documents/projects/4web/www/style.css exists (isn't a dir).
[2025-04-28 16:05:40][INFO]: URI before check: /style.css, Root: /home/eleppala/Documents/projects/4web/www
[2025-04-28 16:05:40][INFO]: Client disconnected (fd: 7)
[2025-04-28 16:05:44][SYSTEM]: Signal (2)  received, stopping server...
[2025-04-28 16:05:44][SYSTEM]: poll() interrupted.
[2025-04-28 16:05:44][SYSTEM]: Terminating server loop (testiservu1.com)
[2025-04-28 16:05:44][SYSTEM]: Terminating server loop (testiservu2.com)
[2025-04-28 16:05:44][SYSTEM]: Resources cleaned.
[2025-04-28 16:05:44][SYSTEM]: Resources cleaned.
