[2025-04-29 12:28:28][SYSTEM]: No arguments detected, using default.conf
[2025-04-29 12:28:28][SYSTEM]: File validation OK
[2025-04-29 12:28:28][SYSTEM]: Server configurations OK
[2025-04-29 12:28:28][SYSTEM]: Server loop started (testiservu1.com), listening on port 8080 (fd: 4)
[2025-04-29 12:28:28][SYSTEM]: Server loop started (testiservu2.com), listening on port 8080 (fd: 5)
[2025-04-29 12:28:31][INFO]: New client connected from 127.0.0.1 on port 8080 (fd: 6)
[2025-04-29 12:28:31][INFO]: Empty body.
[2025-04-29 12:28:31][INFO]: Filepath: /home/eleppala/Documents/projects/5web/www/index.html exists (isn't a dir).
[2025-04-29 12:28:31][INFO]: URI before check: /index.html, Root: /home/eleppala/Documents/projects/5web/www
[2025-04-29 12:28:31][INFO]: Client disconnected (fd: 6)
[2025-04-29 12:28:31][INFO]: New client connected from 127.0.0.1 on port 8080 (fd: 6)
[2025-04-29 12:28:31][INFO]: Empty body.
[2025-04-29 12:28:31][INFO]: Filepath: /home/eleppala/Documents/projects/5web/www/style.css exists (isn't a dir).
[2025-04-29 12:28:31][INFO]: URI before check: /style.css, Root: /home/eleppala/Documents/projects/5web/www
[2025-04-29 12:28:31][INFO]: Client disconnected (fd: 6)
[2025-04-29 12:28:36][INFO]: New client connected from 127.0.0.1 on port 8080 (fd: 6)
[2025-04-29 12:28:36][INFO]: Empty body.
[2025-04-29 12:28:36][INFO]: Filepath: /home/eleppala/Documents/projects/5web/www/upload.html exists (isn't a dir).
[2025-04-29 12:28:36][INFO]: URI before check: /upload.html, Root: /home/eleppala/Documents/projects/5web/www
[2025-04-29 12:28:36][INFO]: Client disconnected (fd: 6)
[2025-04-29 12:28:36][INFO]: New client connected from 127.0.0.1 on port 8080 (fd: 6)
[2025-04-29 12:28:36][INFO]: New client connected from 127.0.0.1 on port 8080 (fd: 7)
[2025-04-29 12:28:36][INFO]: Empty body.
[2025-04-29 12:28:36][INFO]: Filepath: /home/eleppala/Documents/projects/5web/www/style.css exists (isn't a dir).
[2025-04-29 12:28:36][INFO]: URI before check: /style.css, Root: /home/eleppala/Documents/projects/5web/www
[2025-04-29 12:28:36][INFO]: Client disconnected (fd: 6)
[2025-04-29 12:28:39][INFO]: Client disconnected (fd: 7)
[2025-04-29 12:28:39][INFO]: New client connected from 127.0.0.1 on port 8080 (fd: 6)
[2025-04-29 12:28:39][INFO]: Empty body.
[2025-04-29 12:28:39][INFO]: Filepath: /home/eleppala/Documents/projects/5web/www/style.css exists (isn't a dir).
[2025-04-29 12:28:39][INFO]: URI before check: /style.css, Root: /home/eleppala/Documents/projects/5web/www
[2025-04-29 12:28:39][INFO]: Client disconnected (fd: 6)
[2025-04-29 12:31:58][SYSTEM]: Signal (2)  received, stopping server...
[2025-04-29 12:31:58][SYSTEM]: poll() interrupted.
[2025-04-29 12:31:58][SYSTEM]: Terminating server loop (testiservu1.com)
[2025-04-29 12:31:58][SYSTEM]: Terminating server loop (testiservu2.com)
[2025-04-29 12:31:58][SYSTEM]: Resources cleaned.
[2025-04-29 12:31:58][SYSTEM]: Resources cleaned.
