[2025-04-29 10:36:23][SYSTEM]: No arguments detected, using default.conf
[2025-04-29 10:36:23][SYSTEM]: File validation OK
[2025-04-29 10:36:23][SYSTEM]: Server configurations OK
[2025-04-29 10:36:23][SYSTEM]: Server loop started (testiservu1.com), listening on port 8080 (fd: 4)
[2025-04-29 10:36:23][SYSTEM]: Server loop started (testiservu2.com), listening on port 8080 (fd: 5)
[2025-04-29 10:36:31][INFO]: New client connected from 127.0.0.1 on port 8080 (fd: 6)
[2025-04-29 10:36:31][INFO]: New client connected from 127.0.0.1 on port 8080 (fd: 7)
[2025-04-29 10:37:31][INFO]: Client fd 6 timed out after 60s. Closing.
[2025-04-29 10:37:31][INFO]: Client fd 7 timed out after 60s. Closing.
[2025-04-29 10:37:31][INFO]: Client disconnected (fd: 6)
[2025-04-29 10:37:31][INFO]: Client disconnected (fd: 7)
[2025-04-29 10:37:32][INFO]: New client connected from 127.0.0.1 on port 8080 (fd: 6)
[2025-04-29 10:37:32][INFO]: New client connected from 127.0.0.1 on port 8080 (fd: 7)
[2025-04-29 10:37:34][SYSTEM]: Signal (2)  received, stopping server...
[2025-04-29 10:37:34][SYSTEM]: poll() interrupted.
[2025-04-29 10:37:34][SYSTEM]: Terminating server loop (testiservu1.com)
[2025-04-29 10:37:34][SYSTEM]: Terminating server loop (testiservu2.com)
[2025-04-29 10:37:34][SYSTEM]: Terminating server loop (testiservu2.com)
[2025-04-29 10:37:34][SYSTEM]: Terminating server loop (testiservu2.com)
[2025-04-29 10:37:34][SYSTEM]: Resources cleaned.
[2025-04-29 10:37:34][SYSTEM]: Resources cleaned.
