[2025-04-29 12:52:37][SYSTEM]: No arguments detected, using default.conf
[2025-04-29 12:52:37][SYSTEM]: File validation OK
[2025-04-29 12:52:37][SYSTEM]: Server configurations OK
[2025-04-29 12:52:37][SYSTEM]: Server loop started (testiservu1.com), listening on port 8080 (fd: 4)
[2025-04-29 12:52:37][SYSTEM]: Server loop started (testiservu2.com), listening on port 8081 (fd: 5)
[2025-04-29 12:52:44][INFO]: New client connected from 127.0.0.1 on port 8081 (fd: 6)
[2025-04-29 12:52:44][INFO]: Empty body.
[2025-04-29 12:52:44][INFO]: URI before check: /uploads/, Root: /home/eleppala/Documents/projects/5web/www
[2025-04-29 12:52:44][INFO]: Returning directory listing
[2025-04-29 12:52:44][INFO]: Client disconnected (fd: 6)
[2025-04-29 12:52:44][INFO]: New client connected from 127.0.0.1 on port 8081 (fd: 6)
[2025-04-29 12:52:44][INFO]: Empty body.
[2025-04-29 12:52:44][INFO]: Filepath: /home/eleppala/Documents/projects/5web/www/style.css exists (isn't a dir).
[2025-04-29 12:52:44][INFO]: URI before check: /style.css, Root: /home/eleppala/Documents/projects/5web/www
[2025-04-29 12:52:44][INFO]: Client disconnected (fd: 6)
[2025-04-29 12:52:46][INFO]: New client connected from 127.0.0.1 on port 8081 (fd: 6)
[2025-04-29 12:52:46][INFO]: Empty body.
[2025-04-29 12:52:46][INFO]: Filepath: /home/eleppala/Documents/projects/5web/www/index.html exists (isn't a dir).
[2025-04-29 12:52:46][INFO]: URI before check: /index.html, Root: /home/eleppala/Documents/projects/5web/www
[2025-04-29 12:52:46][INFO]: Client disconnected (fd: 6)
[2025-04-29 12:52:46][INFO]: New client connected from 127.0.0.1 on port 8081 (fd: 6)
[2025-04-29 12:52:46][INFO]: Empty body.
[2025-04-29 12:52:46][INFO]: Filepath: /home/eleppala/Documents/projects/5web/www/style.css exists (isn't a dir).
[2025-04-29 12:52:46][INFO]: URI before check: /style.css, Root: /home/eleppala/Documents/projects/5web/www
[2025-04-29 12:52:46][INFO]: Client disconnected (fd: 6)
[2025-04-29 12:52:47][INFO]: New client connected from 127.0.0.1 on port 8081 (fd: 6)
[2025-04-29 12:52:47][INFO]: Empty body.
[2025-04-29 12:52:47][INFO]: Filepath: /home/eleppala/Documents/projects/5web/www/upload.html exists (isn't a dir).
[2025-04-29 12:52:47][INFO]: URI before check: /upload.html, Root: /home/eleppala/Documents/projects/5web/www
[2025-04-29 12:52:47][INFO]: Client disconnected (fd: 6)
[2025-04-29 12:52:47][INFO]: New client connected from 127.0.0.1 on port 8081 (fd: 6)
[2025-04-29 12:52:47][INFO]: Empty body.
[2025-04-29 12:52:47][INFO]: Filepath: /home/eleppala/Documents/projects/5web/www/style.css exists (isn't a dir).
[2025-04-29 12:52:47][INFO]: URI before check: /style.css, Root: /home/eleppala/Documents/projects/5web/www
[2025-04-29 12:52:47][INFO]: Client disconnected (fd: 6)
[2025-04-29 12:52:52][INFO]: New client connected from 127.0.0.1 on port 8081 (fd: 6)
[2025-04-29 12:52:52][INFO]: Client disconnected (fd: 6)
[2025-04-29 12:52:52][INFO]: New client connected from 127.0.0.1 on port 8081 (fd: 6)
[2025-04-29 12:52:52][INFO]: New client connected from 127.0.0.1 on port 8081 (fd: 7)
[2025-04-29 12:52:52][INFO]: Empty body.
[2025-04-29 12:52:52][INFO]: Filepath: /home/eleppala/Documents/projects/5web/www/style.css exists (isn't a dir).
[2025-04-29 12:52:52][INFO]: URI before check: /style.css, Root: /home/eleppala/Documents/projects/5web/www
[2025-04-29 12:52:52][INFO]: Client disconnected (fd: 6)
[2025-04-29 12:52:53][INFO]: Empty body.
[2025-04-29 12:52:53][INFO]: URI before check: /uploads/, Root: /home/eleppala/Documents/projects/5web/www
[2025-04-29 12:52:53][INFO]: Returning directory listing
[2025-04-29 12:52:53][INFO]: Client disconnected (fd: 7)
[2025-04-29 12:52:53][INFO]: New client connected from 127.0.0.1 on port 8081 (fd: 6)
[2025-04-29 12:52:53][INFO]: Empty body.
[2025-04-29 12:52:53][INFO]: Filepath: /home/eleppala/Documents/projects/5web/www/style.css exists (isn't a dir).
[2025-04-29 12:52:53][INFO]: URI before check: /style.css, Root: /home/eleppala/Documents/projects/5web/www
[2025-04-29 12:52:53][INFO]: Client disconnected (fd: 6)
[2025-04-29 12:52:53][INFO]: New client connected from 127.0.0.1 on port 8081 (fd: 6)
[2025-04-29 12:52:53][ERROR]:  Method Not Allowed
[2025-04-29 12:52:53][INFO]: Client disconnected (fd: 6)
[2025-04-29 12:52:54][INFO]: New client connected from 127.0.0.1 on port 8081 (fd: 6)
[2025-04-29 12:52:54][ERROR]:  Method Not Allowed
[2025-04-29 12:52:54][INFO]: Client disconnected (fd: 6)
[2025-04-29 12:52:54][INFO]: New client connected from 127.0.0.1 on port 8081 (fd: 6)
[2025-04-29 12:52:54][ERROR]:  Method Not Allowed
[2025-04-29 12:52:54][INFO]: Client disconnected (fd: 6)
[2025-04-29 12:52:54][INFO]: New client connected from 127.0.0.1 on port 8081 (fd: 6)
[2025-04-29 12:52:54][ERROR]:  Method Not Allowed
[2025-04-29 12:52:54][INFO]: Client disconnected (fd: 6)
[2025-04-29 12:52:55][INFO]: New client connected from 127.0.0.1 on port 8081 (fd: 6)
[2025-04-29 12:52:55][INFO]: New client connected from 127.0.0.1 on port 8081 (fd: 7)
[2025-04-29 12:52:56][INFO]: Empty body.
[2025-04-29 12:52:56][INFO]: Filepath: /home/eleppala/Documents/projects/5web/www/index.html exists (isn't a dir).
[2025-04-29 12:52:56][INFO]: URI before check: /index.html, Root: /home/eleppala/Documents/projects/5web/www
[2025-04-29 12:52:56][INFO]: Client disconnected (fd: 6)
[2025-04-29 12:52:56][INFO]: New client connected from 127.0.0.1 on port 8081 (fd: 6)
[2025-04-29 12:52:56][INFO]: Empty body.
[2025-04-29 12:52:56][INFO]: Filepath: /home/eleppala/Documents/projects/5web/www/style.css exists (isn't a dir).
[2025-04-29 12:52:56][INFO]: URI before check: /style.css, Root: /home/eleppala/Documents/projects/5web/www
[2025-04-29 12:52:56][INFO]: Client disconnected (fd: 7)
[2025-04-29 12:52:57][INFO]: Empty body.
[2025-04-29 12:52:57][INFO]: URI before check: /uploads/, Root: /home/eleppala/Documents/projects/5web/www
[2025-04-29 12:52:57][INFO]: Returning directory listing
[2025-04-29 12:52:57][INFO]: Client disconnected (fd: 6)
[2025-04-29 12:52:57][INFO]: New client connected from 127.0.0.1 on port 8081 (fd: 6)
[2025-04-29 12:52:57][INFO]: New client connected from 127.0.0.1 on port 8081 (fd: 7)
[2025-04-29 12:52:57][INFO]: Empty body.
[2025-04-29 12:52:57][INFO]: Filepath: /home/eleppala/Documents/projects/5web/www/style.css exists (isn't a dir).
[2025-04-29 12:52:57][INFO]: URI before check: /style.css, Root: /home/eleppala/Documents/projects/5web/www
[2025-04-29 12:52:57][INFO]: Client disconnected (fd: 6)
[2025-04-29 12:52:59][INFO]: Empty body.
[2025-04-29 12:52:59][INFO]: Filepath: /home/eleppala/Documents/projects/5web/www/upload.html exists (isn't a dir).
[2025-04-29 12:52:59][INFO]: URI before check: /upload.html, Root: /home/eleppala/Documents/projects/5web/www
[2025-04-29 12:52:59][INFO]: Client disconnected (fd: 7)
[2025-04-29 12:52:59][INFO]: New client connected from 127.0.0.1 on port 8081 (fd: 6)
[2025-04-29 12:52:59][INFO]: Empty body.
[2025-04-29 12:52:59][INFO]: Filepath: /home/eleppala/Documents/projects/5web/www/style.css exists (isn't a dir).
[2025-04-29 12:52:59][INFO]: URI before check: /style.css, Root: /home/eleppala/Documents/projects/5web/www
[2025-04-29 12:52:59][INFO]: Client disconnected (fd: 6)
[2025-04-29 12:53:04][INFO]: New client connected from 127.0.0.1 on port 8081 (fd: 6)
[2025-04-29 12:53:04][INFO]: Empty body.
[2025-04-29 12:53:04][ERROR]: Stat failed on: /home/eleppala/Documents/projects/5web/www/upload.tml
[2025-04-29 12:53:04][INFO]: URI before check: /upload.tml, Root: /home/eleppala/Documents/projects/5web/www
[2025-04-29 12:53:04][ERROR]: mGET: stat() failed
[2025-04-29 12:53:04][INFO]: Client disconnected (fd: 6)
[2025-04-29 12:53:04][INFO]: New client connected from 127.0.0.1 on port 8081 (fd: 6)
[2025-04-29 12:53:04][INFO]: New client connected from 127.0.0.1 on port 8081 (fd: 7)
[2025-04-29 12:53:06][INFO]: Empty body.
[2025-04-29 12:53:06][INFO]: Filepath: /home/eleppala/Documents/projects/5web/www/index.html exists (isn't a dir).
[2025-04-29 12:53:06][INFO]: URI before check: /index.html, Root: /home/eleppala/Documents/projects/5web/www
[2025-04-29 12:53:06][INFO]: Client disconnected (fd: 6)
[2025-04-29 12:53:06][INFO]: Empty body.
[2025-04-29 12:53:06][INFO]: Filepath: /home/eleppala/Documents/projects/5web/www/style.css exists (isn't a dir).
[2025-04-29 12:53:06][INFO]: URI before check: /style.css, Root: /home/eleppala/Documents/projects/5web/www
[2025-04-29 12:53:06][INFO]: Client disconnected (fd: 7)
[2025-04-29 12:53:22][SYSTEM]: Signal (2)  received, stopping server...
[2025-04-29 12:53:22][SYSTEM]: poll() interrupted.
[2025-04-29 12:53:22][SYSTEM]: Terminating server loop (testiservu1.com)
[2025-04-29 12:53:22][SYSTEM]: Terminating server loop (testiservu2.com)
[2025-04-29 12:53:22][SYSTEM]: Resources cleaned.
[2025-04-29 12:53:22][SYSTEM]: Resources cleaned.
