[2025-04-29 10:40:34][SYSTEM]: No arguments detected, using default.conf
[2025-04-29 10:40:34][SYSTEM]: File validation OK
[2025-04-29 10:40:34][SYSTEM]: Server configurations OK
[2025-04-29 10:40:34][SYSTEM]: Server loop started (testiservu1.com), listening on port 8080 (fd: 4)
[2025-04-29 10:40:34][SYSTEM]: Server loop started (testiservu2.com), listening on port 8080 (fd: 5)
[2025-04-29 10:40:37][INFO]: New client connected from 127.0.0.1 on port 8080 (fd: 6)
[2025-04-29 10:40:37][INFO]: Empty body.
[2025-04-29 10:40:37][INFO]: URI before check: /, Root: /home/eleppala/Documents/projects/5web/www
[2025-04-29 10:40:37][INFO]: Client disconnected (fd: 6)
[2025-04-29 10:40:37][INFO]: New client connected from 127.0.0.1 on port 8080 (fd: 6)
[2025-04-29 10:40:37][INFO]: New client connected from 127.0.0.1 on port 8080 (fd: 7)
[2025-04-29 10:40:37][INFO]: Empty body.
[2025-04-29 10:40:37][INFO]: Filepath: /home/eleppala/Documents/projects/5web/www/style.css exists (isn't a dir).
[2025-04-29 10:40:37][INFO]: URI before check: /style.css, Root: /home/eleppala/Documents/projects/5web/www
[2025-04-29 10:40:37][INFO]: Client disconnected (fd: 6)
[2025-04-29 10:40:37][INFO]: Empty body.
[2025-04-29 10:40:37][INFO]: Filepath: /home/eleppala/Documents/projects/5web/www/favicon.ico exists (isn't a dir).
[2025-04-29 10:40:37][INFO]: URI before check: /favicon.ico, Root: /home/eleppala/Documents/projects/5web/www
[2025-04-29 10:40:37][INFO]: Client disconnected (fd: 7)
[2025-04-29 10:40:38][INFO]: New client connected from 127.0.0.1 on port 8080 (fd: 6)
[2025-04-29 10:40:38][INFO]: Empty body.
[2025-04-29 10:40:38][INFO]: URI before check: /uploads/, Root: /home/eleppala/Documents/projects/5web/www
[2025-04-29 10:40:38][INFO]: Returning directory listing
[2025-04-29 10:40:38][INFO]: Client disconnected (fd: 6)
[2025-04-29 10:40:38][INFO]: New client connected from 127.0.0.1 on port 8080 (fd: 6)
[2025-04-29 10:40:38][INFO]: Empty body.
[2025-04-29 10:40:38][INFO]: Filepath: /home/eleppala/Documents/projects/5web/www/style.css exists (isn't a dir).
[2025-04-29 10:40:38][INFO]: URI before check: /style.css, Root: /home/eleppala/Documents/projects/5web/www
[2025-04-29 10:40:38][INFO]: Client disconnected (fd: 6)
[2025-04-29 10:40:39][INFO]: New client connected from 127.0.0.1 on port 8080 (fd: 6)
[2025-04-29 10:40:39][INFO]: Empty body.
[2025-04-29 10:40:39][INFO]: Filepath: /home/eleppala/Documents/projects/5web/www/index.html exists (isn't a dir).
[2025-04-29 10:40:39][INFO]: URI before check: /index.html, Root: /home/eleppala/Documents/projects/5web/www
[2025-04-29 10:40:39][INFO]: Client disconnected (fd: 6)
[2025-04-29 10:40:39][INFO]: New client connected from 127.0.0.1 on port 8080 (fd: 6)
[2025-04-29 10:40:39][INFO]: Empty body.
[2025-04-29 10:40:39][INFO]: Filepath: /home/eleppala/Documents/projects/5web/www/style.css exists (isn't a dir).
[2025-04-29 10:40:39][INFO]: URI before check: /style.css, Root: /home/eleppala/Documents/projects/5web/www
[2025-04-29 10:40:39][INFO]: Client disconnected (fd: 6)
[2025-04-29 10:40:39][INFO]: New client connected from 127.0.0.1 on port 8080 (fd: 6)
[2025-04-29 10:40:39][INFO]: Empty body.
[2025-04-29 10:40:39][INFO]: Filepath: /home/eleppala/Documents/projects/5web/www/upload.html exists (isn't a dir).
[2025-04-29 10:40:39][INFO]: URI before check: /upload.html, Root: /home/eleppala/Documents/projects/5web/www
[2025-04-29 10:40:39][INFO]: Client disconnected (fd: 6)
[2025-04-29 10:40:39][INFO]: New client connected from 127.0.0.1 on port 8080 (fd: 6)
[2025-04-29 10:40:39][INFO]: Empty body.
[2025-04-29 10:40:39][INFO]: Filepath: /home/eleppala/Documents/projects/5web/www/style.css exists (isn't a dir).
[2025-04-29 10:40:39][INFO]: URI before check: /style.css, Root: /home/eleppala/Documents/projects/5web/www
[2025-04-29 10:40:39][INFO]: Client disconnected (fd: 6)
[2025-04-29 10:40:54][INFO]: New client connected from 127.0.0.1 on port 8080 (fd: 6)
[2025-04-29 10:40:54][INFO]: Empty body.
[2025-04-29 10:40:54][INFO]: URI before check: /uploads/, Root: /home/eleppala/Documents/projects/5web/www
[2025-04-29 10:40:54][INFO]: Returning directory listing
[2025-04-29 10:40:54][INFO]: Client disconnected (fd: 6)
[2025-04-29 10:40:54][INFO]: New client connected from 127.0.0.1 on port 8080 (fd: 6)
[2025-04-29 10:40:54][INFO]: New client connected from 127.0.0.1 on port 8080 (fd: 7)
[2025-04-29 10:40:54][INFO]: Empty body.
[2025-04-29 10:40:54][INFO]: Filepath: /home/eleppala/Documents/projects/5web/www/style.css exists (isn't a dir).
[2025-04-29 10:40:54][INFO]: URI before check: /style.css, Root: /home/eleppala/Documents/projects/5web/www
[2025-04-29 10:40:54][INFO]: Client disconnected (fd: 6)
[2025-04-29 10:40:55][INFO]: Empty body.
[2025-04-29 10:40:55][INFO]: URI before check: /uploads/, Root: /home/eleppala/Documents/projects/5web/www
[2025-04-29 10:40:55][INFO]: Returning directory listing
[2025-04-29 10:40:55][INFO]: Client disconnected (fd: 7)
[2025-04-29 10:40:55][INFO]: New client connected from 127.0.0.1 on port 8080 (fd: 6)
[2025-04-29 10:40:55][INFO]: New client connected from 127.0.0.1 on port 8080 (fd: 7)
[2025-04-29 10:40:55][INFO]: Empty body.
[2025-04-29 10:40:55][INFO]: Filepath: /home/eleppala/Documents/projects/5web/www/style.css exists (isn't a dir).
[2025-04-29 10:40:55][INFO]: URI before check: /style.css, Root: /home/eleppala/Documents/projects/5web/www
[2025-04-29 10:40:55][INFO]: Client disconnected (fd: 6)
[2025-04-29 10:40:55][INFO]: Empty body.
[2025-04-29 10:40:55][INFO]: URI before check: /uploads/, Root: /home/eleppala/Documents/projects/5web/www
[2025-04-29 10:40:55][INFO]: Returning directory listing
[2025-04-29 10:40:55][INFO]: Client disconnected (fd: 7)
[2025-04-29 10:40:56][INFO]: New client connected from 127.0.0.1 on port 8080 (fd: 6)
[2025-04-29 10:40:56][INFO]: Empty body.
[2025-04-29 10:40:56][INFO]: URI before check: /uploads/, Root: /home/eleppala/Documents/projects/5web/www
[2025-04-29 10:40:56][INFO]: Returning directory listing
[2025-04-29 10:40:56][INFO]: Client disconnected (fd: 6)
[2025-04-29 10:40:56][INFO]: New client connected from 127.0.0.1 on port 8080 (fd: 6)
[2025-04-29 10:40:56][INFO]: New client connected from 127.0.0.1 on port 8080 (fd: 7)
[2025-04-29 10:40:56][INFO]: Empty body.
[2025-04-29 10:40:56][INFO]: Filepath: /home/eleppala/Documents/projects/5web/www/style.css exists (isn't a dir).
[2025-04-29 10:40:56][INFO]: URI before check: /style.css, Root: /home/eleppala/Documents/projects/5web/www
[2025-04-29 10:40:56][INFO]: Client disconnected (fd: 6)
[2025-04-29 10:40:56][INFO]: Empty body.
[2025-04-29 10:40:56][INFO]: URI before check: /uploads/, Root: /home/eleppala/Documents/projects/5web/www
[2025-04-29 10:40:56][INFO]: Returning directory listing
[2025-04-29 10:40:56][INFO]: Client disconnected (fd: 7)
[2025-04-29 10:41:06][INFO]: New client connected from 127.0.0.1 on port 8080 (fd: 6)
[2025-04-29 10:41:06][INFO]: Empty body.
[2025-04-29 10:41:06][INFO]: Filepath: /home/eleppala/Documents/projects/5web/www/index.html exists (isn't a dir).
[2025-04-29 10:41:06][INFO]: URI before check: /index.html, Root: /home/eleppala/Documents/projects/5web/www
[2025-04-29 10:41:06][INFO]: Client disconnected (fd: 6)
[2025-04-29 10:41:06][INFO]: New client connected from 127.0.0.1 on port 8080 (fd: 6)
[2025-04-29 10:41:07][INFO]: Empty body.
[2025-04-29 10:41:07][INFO]: Filepath: /home/eleppala/Documents/projects/5web/www/style.css exists (isn't a dir).
[2025-04-29 10:41:07][INFO]: URI before check: /style.css, Root: /home/eleppala/Documents/projects/5web/www
[2025-04-29 10:41:07][INFO]: Client disconnected (fd: 6)
[2025-04-29 10:41:07][INFO]: New client connected from 127.0.0.1 on port 8080 (fd: 6)
[2025-04-29 10:41:07][INFO]: Empty body.
[2025-04-29 10:41:07][INFO]: Filepath: /home/eleppala/Documents/projects/5web/www/favicon.ico exists (isn't a dir).
[2025-04-29 10:41:07][INFO]: URI before check: /favicon.ico, Root: /home/eleppala/Documents/projects/5web/www
[2025-04-29 10:41:07][INFO]: Client disconnected (fd: 6)
[2025-04-29 10:41:07][INFO]: New client connected from 127.0.0.1 on port 8080 (fd: 6)
[2025-04-29 10:41:07][INFO]: Empty body.
[2025-04-29 10:41:07][INFO]: URI before check: /uploads/, Root: /home/eleppala/Documents/projects/5web/www
[2025-04-29 10:41:07][INFO]: Returning directory listing
[2025-04-29 10:41:07][INFO]: Client disconnected (fd: 6)
[2025-04-29 10:41:07][INFO]: New client connected from 127.0.0.1 on port 8080 (fd: 6)
[2025-04-29 10:41:07][INFO]: Empty body.
[2025-04-29 10:41:07][INFO]: Filepath: /home/eleppala/Documents/projects/5web/www/style.css exists (isn't a dir).
[2025-04-29 10:41:07][INFO]: URI before check: /style.css, Root: /home/eleppala/Documents/projects/5web/www
[2025-04-29 10:41:07][INFO]: Client disconnected (fd: 6)
[2025-04-29 10:41:08][INFO]: New client connected from 127.0.0.1 on port 8080 (fd: 6)
[2025-04-29 10:41:08][INFO]: Empty body.
[2025-04-29 10:41:08][INFO]: Filepath: /home/eleppala/Documents/projects/5web/www/upload.html exists (isn't a dir).
[2025-04-29 10:41:08][INFO]: URI before check: /upload.html, Root: /home/eleppala/Documents/projects/5web/www
[2025-04-29 10:41:08][INFO]: Client disconnected (fd: 6)
[2025-04-29 10:41:08][INFO]: New client connected from 127.0.0.1 on port 8080 (fd: 6)
[2025-04-29 10:41:08][INFO]: New client connected from 127.0.0.1 on port 8080 (fd: 7)
[2025-04-29 10:41:08][INFO]: Empty body.
[2025-04-29 10:41:08][INFO]: Filepath: /home/eleppala/Documents/projects/5web/www/style.css exists (isn't a dir).
[2025-04-29 10:41:08][INFO]: URI before check: /style.css, Root: /home/eleppala/Documents/projects/5web/www
[2025-04-29 10:41:08][INFO]: Client disconnected (fd: 6)
[2025-04-29 10:41:11][INFO]: Empty body.
[2025-04-29 10:41:11][INFO]: Filepath: /home/eleppala/Documents/projects/5web/www/index.html exists (isn't a dir).
[2025-04-29 10:41:11][INFO]: URI before check: /index.html, Root: /home/eleppala/Documents/projects/5web/www
[2025-04-29 10:41:11][INFO]: Client disconnected (fd: 7)
[2025-04-29 10:41:11][INFO]: New client connected from 127.0.0.1 on port 8080 (fd: 6)
[2025-04-29 10:41:11][INFO]: Empty body.
[2025-04-29 10:41:11][INFO]: Filepath: /home/eleppala/Documents/projects/5web/www/style.css exists (isn't a dir).
[2025-04-29 10:41:11][INFO]: URI before check: /style.css, Root: /home/eleppala/Documents/projects/5web/www
[2025-04-29 10:41:11][INFO]: Client disconnected (fd: 6)
[2025-04-29 10:41:12][INFO]: New client connected from 127.0.0.1 on port 8080 (fd: 6)
[2025-04-29 10:41:12][INFO]: Empty body.
[2025-04-29 10:41:12][INFO]: Filepath: /home/eleppala/Documents/projects/5web/www/upload.html exists (isn't a dir).
[2025-04-29 10:41:12][INFO]: URI before check: /upload.html, Root: /home/eleppala/Documents/projects/5web/www
[2025-04-29 10:41:12][INFO]: Client disconnected (fd: 6)
[2025-04-29 10:41:12][INFO]: New client connected from 127.0.0.1 on port 8080 (fd: 6)
[2025-04-29 10:41:12][INFO]: Empty body.
[2025-04-29 10:41:12][INFO]: Filepath: /home/eleppala/Documents/projects/5web/www/style.css exists (isn't a dir).
[2025-04-29 10:41:12][INFO]: URI before check: /style.css, Root: /home/eleppala/Documents/projects/5web/www
[2025-04-29 10:41:12][INFO]: Client disconnected (fd: 6)
[2025-04-29 10:41:15][INFO]: New client connected from 127.0.0.1 on port 8080 (fd: 6)
[2025-04-29 10:41:15][INFO]: Client disconnected (fd: 6)
[2025-04-29 10:41:15][INFO]: New client connected from 127.0.0.1 on port 8080 (fd: 6)
[2025-04-29 10:41:15][INFO]: New client connected from 127.0.0.1 on port 8080 (fd: 7)
[2025-04-29 10:41:15][INFO]: Empty body.
[2025-04-29 10:41:15][INFO]: Filepath: /home/eleppala/Documents/projects/5web/www/style.css exists (isn't a dir).
[2025-04-29 10:41:15][INFO]: URI before check: /style.css, Root: /home/eleppala/Documents/projects/5web/www
[2025-04-29 10:41:15][INFO]: Client disconnected (fd: 6)
[2025-04-29 10:42:15][INFO]: Client fd 7 timed out after 60s. Closing.
[2025-04-29 10:42:15][INFO]: Client disconnected (fd: 7)
[2025-04-29 10:55:39][SYSTEM]: Signal (2)  received, stopping server...
[2025-04-29 10:55:39][SYSTEM]: poll() interrupted.
[2025-04-29 10:55:39][SYSTEM]: Terminating server loop (testiservu1.com)
[2025-04-29 10:55:39][SYSTEM]: Terminating server loop (testiservu2.com)
[2025-04-29 10:55:39][SYSTEM]: Resources cleaned.
[2025-04-29 10:55:39][SYSTEM]: Resources cleaned.
