[2025-04-29 12:31:59][SYSTEM]: No arguments detected, using default.conf
[2025-04-29 12:31:59][SYSTEM]: File validation OK
[2025-04-29 12:31:59][SYSTEM]: Server configurations OK
[2025-04-29 12:31:59][SYSTEM]: Server loop started (testiservu1.com), listening on port 8080 (fd: 4)
[2025-04-29 12:31:59][SYSTEM]: Server loop started (testiservu2.com), listening on port 8080 (fd: 5)
[2025-04-29 12:32:06][INFO]: New client connected from 127.0.0.1 on port 8080 (fd: 6)
[2025-04-29 12:32:06][INFO]: Empty body.
[2025-04-29 12:32:06][ERROR]: Stat failed on: /home/eleppala/Documents/projects/5web/www/submit-text
[2025-04-29 12:32:06][INFO]: URI before check: /submit-text, Root: /home/eleppala/Documents/projects/5web/www
[2025-04-29 12:32:06][ERROR]: mGET: stat() failed
[2025-04-29 12:32:06][INFO]: Client disconnected (fd: 6)
[2025-04-29 12:32:06][INFO]: New client connected from 127.0.0.1 on port 8080 (fd: 6)
[2025-04-29 12:32:07][INFO]: Empty body.
[2025-04-29 12:32:07][INFO]: Filepath: /home/eleppala/Documents/projects/5web/www/index.html exists (isn't a dir).
[2025-04-29 12:32:07][INFO]: URI before check: /index.html, Root: /home/eleppala/Documents/projects/5web/www
[2025-04-29 12:32:07][INFO]: Client disconnected (fd: 6)
[2025-04-29 12:32:07][INFO]: New client connected from 127.0.0.1 on port 8080 (fd: 6)
[2025-04-29 12:32:07][INFO]: Empty body.
[2025-04-29 12:32:07][INFO]: Filepath: /home/eleppala/Documents/projects/5web/www/style.css exists (isn't a dir).
[2025-04-29 12:32:07][INFO]: URI before check: /style.css, Root: /home/eleppala/Documents/projects/5web/www
[2025-04-29 12:32:07][INFO]: Client disconnected (fd: 6)
[2025-04-29 12:32:10][INFO]: New client connected from 127.0.0.1 on port 8080 (fd: 6)
[2025-04-29 12:32:10][INFO]: Empty body.
[2025-04-29 12:32:10][INFO]: Filepath: /home/eleppala/Documents/projects/5web/www/index.html exists (isn't a dir).
[2025-04-29 12:32:10][INFO]: URI before check: /index.html, Root: /home/eleppala/Documents/projects/5web/www
[2025-04-29 12:32:10][INFO]: Client disconnected (fd: 6)
[2025-04-29 12:32:10][INFO]: New client connected from 127.0.0.1 on port 8080 (fd: 6)
[2025-04-29 12:32:10][INFO]: New client connected from 127.0.0.1 on port 8080 (fd: 7)
[2025-04-29 12:32:10][INFO]: Empty body.
[2025-04-29 12:32:10][INFO]: Filepath: /home/eleppala/Documents/projects/5web/www/style.css exists (isn't a dir).
[2025-04-29 12:32:10][INFO]: URI before check: /style.css, Root: /home/eleppala/Documents/projects/5web/www
[2025-04-29 12:32:10][INFO]: Client disconnected (fd: 6)
[2025-04-29 12:32:10][INFO]: Empty body.
[2025-04-29 12:32:10][INFO]: Filepath: /home/eleppala/Documents/projects/5web/www/favicon.ico exists (isn't a dir).
[2025-04-29 12:32:10][INFO]: URI before check: /favicon.ico, Root: /home/eleppala/Documents/projects/5web/www
[2025-04-29 12:32:10][INFO]: Client disconnected (fd: 7)
[2025-04-29 12:32:18][INFO]: New client connected from 127.0.0.1 on port 8080 (fd: 6)
[2025-04-29 12:32:18][INFO]: Empty body.
[2025-04-29 12:32:18][INFO]: URI before check: /uploads/, Root: /home/eleppala/Documents/projects/5web/www
[2025-04-29 12:32:18][INFO]: Returning directory listing
[2025-04-29 12:32:18][INFO]: Client disconnected (fd: 6)
[2025-04-29 12:32:18][INFO]: New client connected from 127.0.0.1 on port 8080 (fd: 6)
[2025-04-29 12:32:18][INFO]: Empty body.
[2025-04-29 12:32:18][INFO]: Filepath: /home/eleppala/Documents/projects/5web/www/style.css exists (isn't a dir).
[2025-04-29 12:32:18][INFO]: URI before check: /style.css, Root: /home/eleppala/Documents/projects/5web/www
[2025-04-29 12:32:18][INFO]: Client disconnected (fd: 6)
[2025-04-29 12:33:03][SYSTEM]: Signal (2)  received, stopping server...
[2025-04-29 12:33:03][SYSTEM]: poll() interrupted.
[2025-04-29 12:33:03][SYSTEM]: Terminating server loop (testiservu1.com)
[2025-04-29 12:33:03][SYSTEM]: Terminating server loop (testiservu2.com)
[2025-04-29 12:33:03][SYSTEM]: Resources cleaned.
[2025-04-29 12:33:03][SYSTEM]: Resources cleaned.
