[2025-04-29 11:39:56][SYSTEM]: No arguments detected, using default.conf
[2025-04-29 11:39:56][SYSTEM]: File validation OK
[2025-04-29 11:39:56][SYSTEM]: Server configurations OK
[2025-04-29 11:39:56][SYSTEM]: Server loop started (testiservu1.com), listening on port 8080 (fd: 4)
[2025-04-29 11:39:56][SYSTEM]: Server loop started (testiservu2.com), listening on port 8080 (fd: 5)
[2025-04-29 11:40:01][INFO]: New client connected from 127.0.0.1 on port 8080 (fd: 6)
[2025-04-29 11:40:01][INFO]: Empty body.
[2025-04-29 11:40:01][INFO]: File to be deleted: /home/eleppala/Documents/projects/5web/www/uploads/upload_1745915607
[2025-04-29 11:40:01][INFO]: Client disconnected (fd: 6)
[2025-04-29 11:40:01][INFO]: New client connected from 127.0.0.1 on port 8080 (fd: 6)
[2025-04-29 11:40:01][INFO]: Empty body.
[2025-04-29 11:40:01][INFO]: URI before check: /uploads/, Root: /home/eleppala/Documents/projects/5web/www
[2025-04-29 11:40:01][INFO]: Returning directory listing
[2025-04-29 11:40:01][INFO]: Client disconnected (fd: 6)
[2025-04-29 11:40:01][INFO]: New client connected from 127.0.0.1 on port 8080 (fd: 6)
[2025-04-29 11:40:01][INFO]: New client connected from 127.0.0.1 on port 8080 (fd: 7)
[2025-04-29 11:40:01][INFO]: Empty body.
[2025-04-29 11:40:01][INFO]: Filepath: /home/eleppala/Documents/projects/5web/www/style.css exists (isn't a dir).
[2025-04-29 11:40:01][INFO]: URI before check: /style.css, Root: /home/eleppala/Documents/projects/5web/www
[2025-04-29 11:40:01][INFO]: Client disconnected (fd: 6)
[2025-04-29 11:40:01][INFO]: Empty body.
[2025-04-29 11:40:01][INFO]: URI before check: /uploads/, Root: /home/eleppala/Documents/projects/5web/www
[2025-04-29 11:40:01][INFO]: Returning directory listing
[2025-04-29 11:40:01][INFO]: Client disconnected (fd: 7)
[2025-04-29 11:40:20][INFO]: New client connected from 127.0.0.1 on port 8080 (fd: 6)
[2025-04-29 11:40:20][INFO]: Empty body.
[2025-04-29 11:40:20][INFO]: Filepath: /home/eleppala/Documents/projects/5web/www/index.html exists (isn't a dir).
[2025-04-29 11:40:20][INFO]: URI before check: /index.html, Root: /home/eleppala/Documents/projects/5web/www
[2025-04-29 11:40:20][INFO]: Client disconnected (fd: 6)
[2025-04-29 11:40:20][INFO]: New client connected from 127.0.0.1 on port 8080 (fd: 6)
[2025-04-29 11:40:20][INFO]: Empty body.
[2025-04-29 11:40:20][INFO]: Filepath: /home/eleppala/Documents/projects/5web/www/style.css exists (isn't a dir).
[2025-04-29 11:40:20][INFO]: URI before check: /style.css, Root: /home/eleppala/Documents/projects/5web/www
[2025-04-29 11:40:20][INFO]: Client disconnected (fd: 6)
[2025-04-29 11:40:20][INFO]: New client connected from 127.0.0.1 on port 8080 (fd: 6)
[2025-04-29 11:40:20][INFO]: Empty body.
[2025-04-29 11:40:20][INFO]: Filepath: /home/eleppala/Documents/projects/5web/www/favicon.ico exists (isn't a dir).
[2025-04-29 11:40:20][INFO]: URI before check: /favicon.ico, Root: /home/eleppala/Documents/projects/5web/www
[2025-04-29 11:40:20][INFO]: Client disconnected (fd: 6)
[2025-04-29 11:41:22][INFO]: New client connected from 127.0.0.1 on port 8080 (fd: 6)
[2025-04-29 11:41:22][INFO]: Empty body.
[2025-04-29 11:41:22][INFO]: URI before check: /uploads/, Root: /home/eleppala/Documents/projects/5web/www
[2025-04-29 11:41:22][INFO]: Returning directory listing
[2025-04-29 11:41:22][INFO]: Client disconnected (fd: 6)
[2025-04-29 11:41:22][INFO]: New client connected from 127.0.0.1 on port 8080 (fd: 6)
[2025-04-29 11:41:22][INFO]: Empty body.
[2025-04-29 11:41:22][INFO]: Filepath: /home/eleppala/Documents/projects/5web/www/style.css exists (isn't a dir).
[2025-04-29 11:41:22][INFO]: URI before check: /style.css, Root: /home/eleppala/Documents/projects/5web/www
[2025-04-29 11:41:22][INFO]: Client disconnected (fd: 6)
[2025-04-29 11:43:24][SYSTEM]: Signal (2)  received, stopping server...
[2025-04-29 11:43:24][SYSTEM]: poll() interrupted.
[2025-04-29 11:43:24][SYSTEM]: Terminating server loop (testiservu1.com)
[2025-04-29 11:43:24][SYSTEM]: Terminating server loop (testiservu2.com)
[2025-04-29 11:43:24][SYSTEM]: Resources cleaned.
[2025-04-29 11:43:24][SYSTEM]: Resources cleaned.
