[2025-04-29 11:30:36][SYSTEM]: No arguments detected, using default.conf
[2025-04-29 11:30:36][SYSTEM]: File validation OK
[2025-04-29 11:30:36][SYSTEM]: Server configurations OK
[2025-04-29 11:30:36][SYSTEM]: Server loop started (testiservu1.com), listening on port 8080 (fd: 4)
[2025-04-29 11:30:36][SYSTEM]: Server loop started (testiservu2.com), listening on port 8080 (fd: 5)
[2025-04-29 11:30:39][INFO]: New client connected from 127.0.0.1 on port 8080 (fd: 6)
[2025-04-29 11:30:39][INFO]: Empty body.
[2025-04-29 11:30:39][INFO]: File to be deleted: /home/eleppala/Documents/projects/5web/www/uploads/upload_1745907254
[2025-04-29 11:30:39][INFO]: Client disconnected (fd: 6)
[2025-04-29 11:30:39][INFO]: New client connected from 127.0.0.1 on port 8080 (fd: 6)
[2025-04-29 11:30:39][INFO]: Empty body.
[2025-04-29 11:30:39][INFO]: URI before check: /uploads/, Root: /home/eleppala/Documents/projects/5web/www
[2025-04-29 11:30:39][INFO]: Returning directory listing
[2025-04-29 11:30:39][INFO]: Client disconnected (fd: 6)
[2025-04-29 11:30:39][INFO]: New client connected from 127.0.0.1 on port 8080 (fd: 6)
[2025-04-29 11:30:39][INFO]: New client connected from 127.0.0.1 on port 8080 (fd: 7)
[2025-04-29 11:30:39][INFO]: Empty body.
[2025-04-29 11:30:39][INFO]: Filepath: /home/eleppala/Documents/projects/5web/www/style.css exists (isn't a dir).
[2025-04-29 11:30:39][INFO]: URI before check: /style.css, Root: /home/eleppala/Documents/projects/5web/www
[2025-04-29 11:30:39][INFO]: Client disconnected (fd: 6)
[2025-04-29 11:30:39][INFO]: Empty body.
[2025-04-29 11:30:39][INFO]: URI before check: /uploads/, Root: /home/eleppala/Documents/projects/5web/www
[2025-04-29 11:30:39][INFO]: Returning directory listing
[2025-04-29 11:30:39][INFO]: Client disconnected (fd: 7)
[2025-04-29 11:30:58][INFO]: New client connected from 127.0.0.1 on port 8080 (fd: 6)
[2025-04-29 11:30:58][INFO]: Empty body.
[2025-04-29 11:30:58][INFO]: File to be deleted: /home/eleppala/Documents/projects/5web/www/uploads/upload_1745912475
[2025-04-29 11:30:58][INFO]: Client disconnected (fd: 6)
[2025-04-29 11:30:58][INFO]: New client connected from 127.0.0.1 on port 8080 (fd: 6)
[2025-04-29 11:30:58][INFO]: Empty body.
[2025-04-29 11:30:58][INFO]: URI before check: /uploads/, Root: /home/eleppala/Documents/projects/5web/www
[2025-04-29 11:30:58][INFO]: Returning directory listing
[2025-04-29 11:30:58][INFO]: Client disconnected (fd: 6)
[2025-04-29 11:30:58][INFO]: New client connected from 127.0.0.1 on port 8080 (fd: 6)
[2025-04-29 11:30:58][INFO]: New client connected from 127.0.0.1 on port 8080 (fd: 7)
[2025-04-29 11:30:58][INFO]: Empty body.
[2025-04-29 11:30:58][INFO]: Filepath: /home/eleppala/Documents/projects/5web/www/style.css exists (isn't a dir).
[2025-04-29 11:30:58][INFO]: URI before check: /style.css, Root: /home/eleppala/Documents/projects/5web/www
[2025-04-29 11:30:58][INFO]: Client disconnected (fd: 6)
[2025-04-29 11:30:58][INFO]: Empty body.
[2025-04-29 11:30:58][INFO]: URI before check: /uploads/, Root: /home/eleppala/Documents/projects/5web/www
[2025-04-29 11:30:58][INFO]: Returning directory listing
[2025-04-29 11:30:58][INFO]: Client disconnected (fd: 7)
[2025-04-29 11:31:19][INFO]: New client connected from 127.0.0.1 on port 8080 (fd: 6)
[2025-04-29 11:31:19][INFO]: New client connected from 127.0.0.1 on port 8080 (fd: 7)
[2025-04-29 11:31:19][INFO]: Empty body.
[2025-04-29 11:31:19][INFO]: Filepath: /home/eleppala/Documents/projects/5web/www/favicon.ico exists (isn't a dir).
[2025-04-29 11:31:19][INFO]: URI before check: /favicon.ico, Root: /home/eleppala/Documents/projects/5web/www
[2025-04-29 11:31:19][INFO]: Client disconnected (fd: 6)
[2025-04-29 11:31:21][INFO]: Empty body.
[2025-04-29 11:31:21][INFO]: URI before check: /uploads/, Root: /home/eleppala/Documents/projects/5web/www
[2025-04-29 11:31:21][INFO]: Returning directory listing
[2025-04-29 11:31:21][INFO]: Client disconnected (fd: 7)
[2025-04-29 11:31:21][INFO]: New client connected from 127.0.0.1 on port 8080 (fd: 6)
[2025-04-29 11:31:21][INFO]: Empty body.
[2025-04-29 11:31:21][INFO]: Filepath: /home/eleppala/Documents/projects/5web/www/style.css exists (isn't a dir).
[2025-04-29 11:31:21][INFO]: URI before check: /style.css, Root: /home/eleppala/Documents/projects/5web/www
[2025-04-29 11:31:21][INFO]: Client disconnected (fd: 6)
[2025-04-29 11:31:21][INFO]: New client connected from 127.0.0.1 on port 8080 (fd: 6)
[2025-04-29 11:31:22][INFO]: Empty body.
[2025-04-29 11:31:22][INFO]: Filepath: /home/eleppala/Documents/projects/5web/www/index.html exists (isn't a dir).
[2025-04-29 11:31:22][INFO]: URI before check: /index.html, Root: /home/eleppala/Documents/projects/5web/www
[2025-04-29 11:31:22][INFO]: Client disconnected (fd: 6)
[2025-04-29 11:31:22][INFO]: New client connected from 127.0.0.1 on port 8080 (fd: 6)
[2025-04-29 11:31:22][INFO]: Empty body.
[2025-04-29 11:31:22][INFO]: Filepath: /home/eleppala/Documents/projects/5web/www/style.css exists (isn't a dir).
[2025-04-29 11:31:22][INFO]: URI before check: /style.css, Root: /home/eleppala/Documents/projects/5web/www
[2025-04-29 11:31:22][INFO]: Client disconnected (fd: 6)
[2025-04-29 11:31:23][INFO]: New client connected from 127.0.0.1 on port 8080 (fd: 6)
[2025-04-29 11:31:23][INFO]: Empty body.
[2025-04-29 11:31:23][INFO]: Filepath: /home/eleppala/Documents/projects/5web/www/upload.html exists (isn't a dir).
[2025-04-29 11:31:23][INFO]: URI before check: /upload.html, Root: /home/eleppala/Documents/projects/5web/www
[2025-04-29 11:31:23][INFO]: Client disconnected (fd: 6)
[2025-04-29 11:31:23][INFO]: New client connected from 127.0.0.1 on port 8080 (fd: 6)
[2025-04-29 11:31:23][INFO]: Empty body.
[2025-04-29 11:31:23][INFO]: Filepath: /home/eleppala/Documents/projects/5web/www/style.css exists (isn't a dir).
[2025-04-29 11:31:23][INFO]: URI before check: /style.css, Root: /home/eleppala/Documents/projects/5web/www
[2025-04-29 11:31:23][INFO]: Client disconnected (fd: 6)
[2025-04-29 11:31:24][INFO]: New client connected from 127.0.0.1 on port 8080 (fd: 6)
[2025-04-29 11:31:24][INFO]: Client disconnected (fd: 6)
[2025-04-29 11:31:24][INFO]: New client connected from 127.0.0.1 on port 8080 (fd: 6)
[2025-04-29 11:31:24][INFO]: New client connected from 127.0.0.1 on port 8080 (fd: 7)
[2025-04-29 11:31:24][INFO]: Empty body.
[2025-04-29 11:31:24][INFO]: Filepath: /home/eleppala/Documents/projects/5web/www/style.css exists (isn't a dir).
[2025-04-29 11:31:24][INFO]: URI before check: /style.css, Root: /home/eleppala/Documents/projects/5web/www
[2025-04-29 11:31:24][INFO]: Client disconnected (fd: 6)
[2025-04-29 11:31:25][INFO]: Empty body.
[2025-04-29 11:31:25][INFO]: URI before check: /uploads/, Root: /home/eleppala/Documents/projects/5web/www
[2025-04-29 11:31:25][INFO]: Returning directory listing
[2025-04-29 11:31:25][INFO]: Client disconnected (fd: 7)
[2025-04-29 11:31:25][INFO]: New client connected from 127.0.0.1 on port 8080 (fd: 6)
[2025-04-29 11:31:25][INFO]: Empty body.
[2025-04-29 11:31:25][INFO]: Filepath: /home/eleppala/Documents/projects/5web/www/style.css exists (isn't a dir).
[2025-04-29 11:31:25][INFO]: URI before check: /style.css, Root: /home/eleppala/Documents/projects/5web/www
[2025-04-29 11:31:25][INFO]: Client disconnected (fd: 6)
[2025-04-29 11:31:26][INFO]: New client connected from 127.0.0.1 on port 8080 (fd: 6)
[2025-04-29 11:31:26][INFO]: Empty body.
[2025-04-29 11:31:26][INFO]: Filepath: /home/eleppala/Documents/projects/5web/www/upload.html exists (isn't a dir).
[2025-04-29 11:31:26][INFO]: URI before check: /upload.html, Root: /home/eleppala/Documents/projects/5web/www
[2025-04-29 11:31:26][INFO]: Client disconnected (fd: 6)
[2025-04-29 11:31:26][INFO]: New client connected from 127.0.0.1 on port 8080 (fd: 6)
[2025-04-29 11:31:26][INFO]: Empty body.
[2025-04-29 11:31:26][INFO]: Filepath: /home/eleppala/Documents/projects/5web/www/style.css exists (isn't a dir).
[2025-04-29 11:31:26][INFO]: URI before check: /style.css, Root: /home/eleppala/Documents/projects/5web/www
[2025-04-29 11:31:26][INFO]: Client disconnected (fd: 6)
[2025-04-29 11:31:28][INFO]: New client connected from 127.0.0.1 on port 8080 (fd: 6)
[2025-04-29 11:31:28][INFO]: Client disconnected (fd: 6)
[2025-04-29 11:31:28][INFO]: New client connected from 127.0.0.1 on port 8080 (fd: 6)
[2025-04-29 11:31:28][INFO]: New client connected from 127.0.0.1 on port 8080 (fd: 7)
[2025-04-29 11:31:28][INFO]: Empty body.
[2025-04-29 11:31:28][INFO]: Filepath: /home/eleppala/Documents/projects/5web/www/style.css exists (isn't a dir).
[2025-04-29 11:31:28][INFO]: URI before check: /style.css, Root: /home/eleppala/Documents/projects/5web/www
[2025-04-29 11:31:28][INFO]: Client disconnected (fd: 6)
[2025-04-29 11:31:29][INFO]: Empty body.
[2025-04-29 11:31:29][INFO]: URI before check: /uploads/, Root: /home/eleppala/Documents/projects/5web/www
[2025-04-29 11:31:29][INFO]: Returning directory listing
[2025-04-29 11:31:29][INFO]: Client disconnected (fd: 7)
[2025-04-29 11:31:29][INFO]: New client connected from 127.0.0.1 on port 8080 (fd: 6)
[2025-04-29 11:31:29][INFO]: Empty body.
[2025-04-29 11:31:29][INFO]: Filepath: /home/eleppala/Documents/projects/5web/www/style.css exists (isn't a dir).
[2025-04-29 11:31:29][INFO]: URI before check: /style.css, Root: /home/eleppala/Documents/projects/5web/www
[2025-04-29 11:31:29][INFO]: Client disconnected (fd: 6)
[2025-04-29 11:31:30][INFO]: New client connected from 127.0.0.1 on port 8080 (fd: 6)
[2025-04-29 11:31:30][INFO]: Empty body.
[2025-04-29 11:31:30][INFO]: Filepath: /home/eleppala/Documents/projects/5web/www/index.html exists (isn't a dir).
[2025-04-29 11:31:30][INFO]: URI before check: /index.html, Root: /home/eleppala/Documents/projects/5web/www
[2025-04-29 11:31:30][INFO]: Client disconnected (fd: 6)
[2025-04-29 11:31:30][INFO]: New client connected from 127.0.0.1 on port 8080 (fd: 6)
[2025-04-29 11:31:30][INFO]: New client connected from 127.0.0.1 on port 8080 (fd: 7)
[2025-04-29 11:31:30][INFO]: Empty body.
[2025-04-29 11:31:30][INFO]: Filepath: /home/eleppala/Documents/projects/5web/www/style.css exists (isn't a dir).
[2025-04-29 11:31:30][INFO]: URI before check: /style.css, Root: /home/eleppala/Documents/projects/5web/www
[2025-04-29 11:31:30][INFO]: Client disconnected (fd: 6)
[2025-04-29 11:31:31][INFO]: Empty body.
[2025-04-29 11:31:31][INFO]: URI before check: /uploads/, Root: /home/eleppala/Documents/projects/5web/www
[2025-04-29 11:31:31][INFO]: Returning directory listing
[2025-04-29 11:31:31][INFO]: Client disconnected (fd: 7)
[2025-04-29 11:31:31][INFO]: New client connected from 127.0.0.1 on port 8080 (fd: 6)
[2025-04-29 11:31:31][INFO]: Empty body.
[2025-04-29 11:31:31][INFO]: Filepath: /home/eleppala/Documents/projects/5web/www/style.css exists (isn't a dir).
[2025-04-29 11:31:31][INFO]: URI before check: /style.css, Root: /home/eleppala/Documents/projects/5web/www
[2025-04-29 11:31:31][INFO]: Client disconnected (fd: 6)
[2025-04-29 11:31:32][INFO]: New client connected from 127.0.0.1 on port 8080 (fd: 6)
[2025-04-29 11:31:32][INFO]: Empty body.
[2025-04-29 11:31:32][INFO]: Filepath: /home/eleppala/Documents/projects/5web/www/index.html exists (isn't a dir).
[2025-04-29 11:31:32][INFO]: URI before check: /index.html, Root: /home/eleppala/Documents/projects/5web/www
[2025-04-29 11:31:32][INFO]: Client disconnected (fd: 6)
[2025-04-29 11:31:32][INFO]: New client connected from 127.0.0.1 on port 8080 (fd: 6)
[2025-04-29 11:31:32][INFO]: Empty body.
[2025-04-29 11:31:32][INFO]: Filepath: /home/eleppala/Documents/projects/5web/www/style.css exists (isn't a dir).
[2025-04-29 11:31:32][INFO]: URI before check: /style.css, Root: /home/eleppala/Documents/projects/5web/www
[2025-04-29 11:31:32][INFO]: Client disconnected (fd: 6)
[2025-04-29 11:31:32][INFO]: New client connected from 127.0.0.1 on port 8080 (fd: 6)
[2025-04-29 11:31:32][INFO]: Empty body.
[2025-04-29 11:31:32][INFO]: Filepath: /home/eleppala/Documents/projects/5web/www/upload.html exists (isn't a dir).
[2025-04-29 11:31:32][INFO]: URI before check: /upload.html, Root: /home/eleppala/Documents/projects/5web/www
[2025-04-29 11:31:32][INFO]: Client disconnected (fd: 6)
[2025-04-29 11:31:32][INFO]: New client connected from 127.0.0.1 on port 8080 (fd: 6)
[2025-04-29 11:31:32][INFO]: New client connected from 127.0.0.1 on port 8080 (fd: 7)
[2025-04-29 11:31:32][INFO]: Empty body.
[2025-04-29 11:31:32][INFO]: Filepath: /home/eleppala/Documents/projects/5web/www/style.css exists (isn't a dir).
[2025-04-29 11:31:32][INFO]: URI before check: /style.css, Root: /home/eleppala/Documents/projects/5web/www
[2025-04-29 11:31:32][INFO]: Client disconnected (fd: 6)
[2025-04-29 11:31:34][INFO]: Empty body.
[2025-04-29 11:31:34][INFO]: URI before check: /uploads/, Root: /home/eleppala/Documents/projects/5web/www
[2025-04-29 11:31:34][INFO]: Returning directory listing
[2025-04-29 11:31:34][INFO]: Client disconnected (fd: 7)
[2025-04-29 11:31:34][INFO]: New client connected from 127.0.0.1 on port 8080 (fd: 6)
[2025-04-29 11:31:34][INFO]: Empty body.
[2025-04-29 11:31:34][INFO]: Filepath: /home/eleppala/Documents/projects/5web/www/style.css exists (isn't a dir).
[2025-04-29 11:31:34][INFO]: URI before check: /style.css, Root: /home/eleppala/Documents/projects/5web/www
[2025-04-29 11:31:34][INFO]: Client disconnected (fd: 6)
[2025-04-29 11:31:35][INFO]: New client connected from 127.0.0.1 on port 8080 (fd: 6)
[2025-04-29 11:31:35][INFO]: Empty body.
[2025-04-29 11:31:35][INFO]: Filepath: /home/eleppala/Documents/projects/5web/www/index.html exists (isn't a dir).
[2025-04-29 11:31:35][INFO]: URI before check: /index.html, Root: /home/eleppala/Documents/projects/5web/www
[2025-04-29 11:31:35][INFO]: Client disconnected (fd: 6)
[2025-04-29 11:31:35][INFO]: New client connected from 127.0.0.1 on port 8080 (fd: 6)
[2025-04-29 11:31:35][INFO]: New client connected from 127.0.0.1 on port 8080 (fd: 7)
[2025-04-29 11:31:35][INFO]: Empty body.
[2025-04-29 11:31:35][INFO]: Filepath: /home/eleppala/Documents/projects/5web/www/style.css exists (isn't a dir).
[2025-04-29 11:31:35][INFO]: URI before check: /style.css, Root: /home/eleppala/Documents/projects/5web/www
[2025-04-29 11:31:35][INFO]: Client disconnected (fd: 6)
[2025-04-29 11:31:35][INFO]: Empty body.
[2025-04-29 11:31:35][INFO]: URI before check: /uploads/, Root: /home/eleppala/Documents/projects/5web/www
[2025-04-29 11:31:35][INFO]: Returning directory listing
[2025-04-29 11:31:35][INFO]: Client disconnected (fd: 7)
[2025-04-29 11:31:35][INFO]: New client connected from 127.0.0.1 on port 8080 (fd: 6)
[2025-04-29 11:31:35][INFO]: Empty body.
[2025-04-29 11:31:35][INFO]: Filepath: /home/eleppala/Documents/projects/5web/www/style.css exists (isn't a dir).
[2025-04-29 11:31:35][INFO]: URI before check: /style.css, Root: /home/eleppala/Documents/projects/5web/www
[2025-04-29 11:31:35][INFO]: Client disconnected (fd: 6)
[2025-04-29 11:31:37][INFO]: New client connected from 127.0.0.1 on port 8080 (fd: 6)
[2025-04-29 11:31:37][INFO]: Empty body.
[2025-04-29 11:31:37][INFO]: File to be deleted: /home/eleppala/Documents/projects/5web/www/uploads/upload_1745915488
[2025-04-29 11:31:37][INFO]: Client disconnected (fd: 6)
[2025-04-29 11:31:37][INFO]: New client connected from 127.0.0.1 on port 8080 (fd: 6)
[2025-04-29 11:31:37][INFO]: Empty body.
[2025-04-29 11:31:37][INFO]: URI before check: /uploads/, Root: /home/eleppala/Documents/projects/5web/www
[2025-04-29 11:31:37][INFO]: Returning directory listing
[2025-04-29 11:31:37][INFO]: Client disconnected (fd: 6)
[2025-04-29 11:31:37][INFO]: New client connected from 127.0.0.1 on port 8080 (fd: 6)
[2025-04-29 11:31:37][INFO]: New client connected from 127.0.0.1 on port 8080 (fd: 7)
[2025-04-29 11:31:37][INFO]: Empty body.
[2025-04-29 11:31:37][INFO]: Filepath: /home/eleppala/Documents/projects/5web/www/style.css exists (isn't a dir).
[2025-04-29 11:31:37][INFO]: URI before check: /style.css, Root: /home/eleppala/Documents/projects/5web/www
[2025-04-29 11:31:37][INFO]: Client disconnected (fd: 6)
[2025-04-29 11:31:37][INFO]: Empty body.
[2025-04-29 11:31:37][INFO]: URI before check: /uploads/, Root: /home/eleppala/Documents/projects/5web/www
[2025-04-29 11:31:37][INFO]: Returning directory listing
[2025-04-29 11:31:37][INFO]: Client disconnected (fd: 7)
[2025-04-29 11:32:11][SYSTEM]: Signal (2)  received, stopping server...
[2025-04-29 11:32:11][SYSTEM]: poll() interrupted.
[2025-04-29 11:32:11][SYSTEM]: Terminating server loop (testiservu1.com)
[2025-04-29 11:32:11][SYSTEM]: Terminating server loop (testiservu2.com)
[2025-04-29 11:32:11][SYSTEM]: Resources cleaned.
[2025-04-29 11:32:11][SYSTEM]: Resources cleaned.
